2023-12-08 14:13:32,607 - INFO - Connection to the data warehouse established successfully.
2023-12-08 14:13:32,613 - INFO - Query executed successfully.
2023-12-08 14:13:32,618 - INFO - Query executed successfully.
2023-12-08 14:13:32,623 - INFO - Query executed successfully.
2023-12-08 14:13:32,628 - INFO - Query executed successfully.
2023-12-08 14:13:32,629 - INFO - Connection to the data warehouse closed.
2023-12-08 14:58:50,050 - INFO - Connection to the data warehouse established successfully.
2023-12-08 14:58:50,079 - INFO - Table dim_part_information already exists. Skipping creation.
2023-12-08 14:58:50,091 - INFO - Table dim_material already exists. Skipping creation.
2023-12-08 14:58:50,103 - INFO - Table dim_material_prices already exists. Skipping creation.
2023-12-08 14:58:50,114 - INFO - Table dim_sales already exists. Skipping creation.
2023-12-08 14:58:50,114 - INFO - Connection to the data warehouse closed.
2023-12-08 19:43:36,100 - INFO - Connection to the data warehouse established successfully.
2023-12-08 19:43:36,139 - INFO - Table dim_part_information already exists. Skipping creation.
2023-12-08 19:43:36,152 - INFO - Table dim_material already exists. Skipping creation.
2023-12-08 19:43:36,163 - INFO - Table dim_material_prices already exists. Skipping creation.
2023-12-08 19:43:36,177 - INFO - Table dim_sales already exists. Skipping creation.
2023-12-08 19:43:55,133 - INFO - Connection to the data warehouse established successfully.
2023-12-08 19:43:55,134 - INFO - Table dim_part_information already exists. Skipping creation.
2023-12-08 19:43:55,135 - INFO - Table dim_material already exists. Skipping creation.
2023-12-08 19:43:55,135 - INFO - Table dim_material_prices already exists. Skipping creation.
2023-12-08 19:43:55,136 - INFO - Table dim_sales already exists. Skipping creation.
2023-12-08 19:43:55,186 - INFO - Query executed successfully.
2023-12-08 19:43:55,187 - INFO - Connection to the data warehouse closed.
2023-12-08 19:47:49,773 - INFO - Connection to the data warehouse established successfully.
2023-12-08 19:47:49,813 - INFO - Table dim_part_information already exists. Skipping creation.
2023-12-08 19:47:49,826 - INFO - Table dim_material already exists. Skipping creation.
2023-12-08 19:47:49,840 - INFO - Table dim_material_prices already exists. Skipping creation.
2023-12-08 19:47:49,851 - INFO - Table dim_sales already exists. Skipping creation.
2023-12-08 19:47:49,868 - INFO - Table dim_machine already exists. Skipping creation.
2023-12-08 19:47:49,869 - INFO - Connection to the data warehouse closed.
2023-12-10 00:34:53,021 - INFO - Connection to the data warehouse established successfully.
2023-12-10 00:34:53,088 - INFO - Table dim_part_information already exists. Skipping creation.
2023-12-10 00:34:53,101 - INFO - Table dim_material already exists. Skipping creation.
2023-12-10 00:34:53,115 - INFO - Table dim_material_prices already exists. Skipping creation.
2023-12-10 00:34:53,128 - INFO - Table dim_sales already exists. Skipping creation.
2023-12-10 00:34:53,140 - INFO - Table dim_machine already exists. Skipping creation.
2023-12-10 00:34:53,142 - INFO - Connection to the data warehouse closed.
2023-12-12 21:08:17,448 - INFO - Connection to the data warehouse established successfully.
2023-12-12 21:08:17,505 - INFO - Table dim_part_information already exists. Skipping creation.
2023-12-12 21:08:17,521 - INFO - Table dim_material already exists. Skipping creation.
2023-12-12 21:08:17,532 - INFO - Table dim_material_prices already exists. Skipping creation.
2023-12-12 21:08:17,540 - INFO - Table dim_sales already exists. Skipping creation.
2023-12-12 21:08:17,551 - INFO - Table dim_machine already exists. Skipping creation.
2023-12-12 21:08:17,555 - INFO - Connection to the data warehouse closed.
2023-12-29 13:56:16,908 - INFO - Connection to the data warehouse established successfully.
2023-12-29 13:56:16,939 - INFO - Table dim_part_information already exists. Skipping creation.
2023-12-29 13:56:16,950 - INFO - Table dim_material already exists. Skipping creation.
2023-12-29 13:56:16,962 - INFO - Table dim_material_prices already exists. Skipping creation.
2023-12-29 13:56:16,972 - INFO - Table dim_sales already exists. Skipping creation.
2023-12-29 13:56:16,984 - INFO - Table dim_machine already exists. Skipping creation.
2023-12-29 13:56:16,985 - INFO - Connection to the data warehouse closed.
2023-12-29 13:57:57,247 - INFO - Connection to the data warehouse established successfully.
2023-12-29 13:57:57,271 - INFO - Table dim_part_information already exists. Skipping creation.
2023-12-29 13:57:57,281 - INFO - Table dim_material already exists. Skipping creation.
2023-12-29 13:57:57,291 - INFO - Table dim_material_prices already exists. Skipping creation.
2023-12-29 13:57:57,304 - INFO - Table dim_sales already exists. Skipping creation.
2023-12-29 13:57:57,320 - INFO - Table dim_machine already exists. Skipping creation.
2023-12-29 13:57:57,358 - ERROR - An error occurred while executing the query: ('42000', "[42000] [Microsoft][ODBC Driver 17 for SQL Server][SQL Server]Syntaxe incorrecte vers le mot clé 'order'. (156) (SQLExecDirectW)")
2023-12-29 13:57:57,360 - INFO - Connection to the data warehouse closed.
2023-12-29 13:59:12,447 - INFO - Connection to the data warehouse established successfully.
2023-12-29 13:59:12,505 - INFO - Table dim_part_information already exists. Skipping creation.
2023-12-29 13:59:12,524 - INFO - Table dim_material already exists. Skipping creation.
2023-12-29 13:59:12,539 - INFO - Table dim_material_prices already exists. Skipping creation.
2023-12-29 13:59:12,553 - INFO - Table dim_sales already exists. Skipping creation.
2023-12-29 13:59:12,569 - INFO - Table dim_machine already exists. Skipping creation.
2023-12-29 13:59:12,613 - ERROR - An error occurred while executing the query: ('42S22', "[42S22] [Microsoft][ODBC Driver 17 for SQL Server][SQL Server]Le nom de colonne 'id' n'existe pas dans la table ou la vue cible. (1911) (SQLExecDirectW); [42S22] [Microsoft][ODBC Driver 17 for SQL Server][SQL Server]Impossible de créer la contrainte ou l'index. Voir les erreurs précédentes. (1750)")
2023-12-29 13:59:12,614 - INFO - Connection to the data warehouse closed.
2023-12-29 14:02:34,912 - INFO - Connection to the data warehouse established successfully.
2023-12-29 14:02:34,940 - INFO - Table dim_part_information already exists. Skipping creation.
2023-12-29 14:02:34,953 - INFO - Table dim_material already exists. Skipping creation.
2023-12-29 14:02:34,967 - INFO - Table dim_material_prices already exists. Skipping creation.
2023-12-29 14:02:34,978 - INFO - Table dim_sales already exists. Skipping creation.
2023-12-29 14:02:34,991 - INFO - Table dim_machine already exists. Skipping creation.
2023-12-29 14:02:35,016 - ERROR - An error occurred while executing the query: ('42000', "[42000] [Microsoft][ODBC Driver 17 for SQL Server][SQL Server]La clé étrangère 'FK__fact_supp__partI__6FE99F9F' fait référence à la table non valide 'part_information'. (1767) (SQLExecDirectW); [42000] [Microsoft][ODBC Driver 17 for SQL Server][SQL Server]Impossible de créer la contrainte ou l'index. Voir les erreurs précédentes. (1750)")
2023-12-29 14:02:35,016 - INFO - Connection to the data warehouse closed.
2023-12-29 14:06:11,475 - INFO - Connection to the data warehouse established successfully.
2023-12-29 14:06:11,514 - INFO - Table dim_part_information already exists. Skipping creation.
2023-12-29 14:06:11,526 - INFO - Table dim_material already exists. Skipping creation.
2023-12-29 14:06:11,539 - INFO - Table dim_material_prices already exists. Skipping creation.
2023-12-29 14:06:11,548 - INFO - Table dim_sales already exists. Skipping creation.
2023-12-29 14:06:11,556 - INFO - Table dim_machine already exists. Skipping creation.
2023-12-29 14:06:11,578 - INFO - Query executed successfully.
2023-12-29 14:06:11,578 - INFO - Connection to the data warehouse closed.
2023-12-29 14:07:00,127 - INFO - Connection to the data warehouse established successfully.
2023-12-29 14:07:00,140 - INFO - Table dim_part_information already exists. Skipping creation.
2023-12-29 14:07:00,153 - INFO - Table dim_material already exists. Skipping creation.
2023-12-29 14:07:00,163 - INFO - Table dim_material_prices already exists. Skipping creation.
2023-12-29 14:07:00,175 - INFO - Table dim_sales already exists. Skipping creation.
2023-12-29 14:07:00,185 - INFO - Table dim_machine already exists. Skipping creation.
2023-12-29 14:07:00,192 - INFO - Table fact_supply_chain already exists. Skipping creation.
2023-12-29 14:07:00,193 - INFO - Connection to the data warehouse closed.
2023-12-29 16:05:34,301 - INFO - Connection to the data warehouse established successfully.
2023-12-29 16:05:34,335 - INFO - Table dim_part_information already exists. Skipping creation.
2023-12-29 16:05:34,349 - INFO - Table dim_material already exists. Skipping creation.
2023-12-29 16:05:34,360 - INFO - Table dim_material_prices already exists. Skipping creation.
2023-12-29 16:05:34,373 - INFO - Table dim_sales already exists. Skipping creation.
2023-12-29 16:05:34,388 - INFO - Table dim_machine already exists. Skipping creation.
2023-12-29 16:05:34,411 - INFO - Query executed successfully.
2023-12-29 16:05:34,412 - INFO - Connection to the data warehouse closed.
2023-12-30 21:07:57,383 - INFO - Connection to the data warehouse established successfully.
2023-12-30 21:11:24,410 - INFO - Connection to the data warehouse established successfully.
2023-12-30 21:12:25,402 - INFO - Connection to the data warehouse established successfully.
2023-12-30 21:12:50,355 - INFO - Connection to the data warehouse established successfully.
2023-12-30 21:12:50,356 - INFO - Generated massive insert query for table machine with 4 records.
2023-12-30 21:14:53,729 - INFO - Connection to the data warehouse established successfully.
2023-12-30 21:14:53,730 - INFO - Generated massive insert query for table machine with 4 records.
2023-12-30 21:14:53,731 - ERROR - An error occurred while executing the query: ('07002', '[07002] [Microsoft][ODBC Driver 17 for SQL Server]COUNT field incorrect or syntax error (0) (SQLExecDirectW)')
2023-12-30 21:14:53,731 - INFO - Connection to the data warehouse closed.
2023-12-30 21:18:38,630 - INFO - Connection to the data warehouse established successfully.
2023-12-30 21:18:38,630 - INFO - Generated massive insert query for table machine with 5 records.
2023-12-30 21:18:38,631 - INFO - Connection to the data warehouse closed.
2023-12-30 21:18:51,254 - INFO - Connection to the data warehouse established successfully.
2023-12-30 21:18:51,254 - INFO - Generated massive insert query for table machine with 5 records.
2023-12-30 21:18:51,254 - INFO - Connection to the data warehouse closed.
2023-12-30 21:19:08,177 - INFO - Connection to the data warehouse established successfully.
2023-12-30 21:19:08,177 - INFO - Generated massive insert query for table machine with 5 records.
2023-12-30 21:19:08,261 - ERROR - An error occurred while executing the query: ("A TVP's rows must be Sequence objects.", 'HY000')
2023-12-30 21:19:08,262 - INFO - Connection to the data warehouse closed.
2023-12-30 21:22:32,651 - INFO - Connection to the data warehouse established successfully.
2023-12-30 21:22:32,651 - INFO - Generated massive insert query for table machine with 5 records.
2023-12-30 21:22:32,661 - ERROR - An error occurred while executing the query: ("A TVP's rows must be Sequence objects.", 'HY000')
2023-12-30 21:22:32,662 - INFO - Connection to the data warehouse closed.
2023-12-30 23:27:23,093 - INFO - Connection to the data warehouse established successfully.
2023-12-30 23:27:23,113 - INFO - Table dim_part_information already exists. Skipping creation.
2023-12-30 23:27:23,126 - INFO - Table dim_material already exists. Skipping creation.
2023-12-30 23:27:23,137 - INFO - Table dim_material_prices already exists. Skipping creation.
2023-12-30 23:27:23,146 - INFO - Table dim_sales already exists. Skipping creation.
2023-12-30 23:27:23,156 - INFO - Table dim_machine already exists. Skipping creation.
2023-12-30 23:27:23,169 - INFO - Table fact_supply_chain already exists. Skipping creation.
2023-12-30 23:27:23,170 - INFO - Connection to the data warehouse closed.
2023-12-31 21:23:32,531 - INFO - Connection to the data warehouse established successfully.
2023-12-31 21:23:32,547 - INFO - Table dim_part_information already exists. Skipping creation.
2023-12-31 21:23:32,558 - INFO - Table dim_material already exists. Skipping creation.
2023-12-31 21:23:32,566 - INFO - Table dim_material_prices already exists. Skipping creation.
2023-12-31 21:23:32,580 - INFO - Table dim_sales already exists. Skipping creation.
2023-12-31 21:23:32,590 - INFO - Table dim_machine already exists. Skipping creation.
2023-12-31 21:23:32,612 - INFO - Query executed successfully.
2023-12-31 21:23:32,613 - INFO - Connection to the data warehouse closed.
2023-12-31 21:26:10,883 - INFO - Connection to the data warehouse established successfully.
2023-12-31 21:26:10,896 - INFO - Table dim_part_information already exists. Skipping creation.
2023-12-31 21:26:10,904 - INFO - Table dim_material already exists. Skipping creation.
2023-12-31 21:26:10,912 - INFO - Table dim_material_prices already exists. Skipping creation.
2023-12-31 21:26:10,921 - INFO - Table dim_sales already exists. Skipping creation.
2023-12-31 21:26:10,932 - INFO - Table dim_machine already exists. Skipping creation.
2023-12-31 21:26:10,945 - INFO - Table fact_supply_chain created successfully.
2023-12-31 21:26:10,956 - INFO - Query executed successfully.
2023-12-31 21:26:10,956 - INFO - Connection to the data warehouse closed.
