2024-01-02 22:13:57,197 - ERROR - An error occurred while connecting to the data warehouse: ('08001', '[08001] [Microsoft][ODBC Driver 17 for SQL Server]Named Pipes Provider: Could not open a connection to SQL Server [53].  (53) (SQLDriverConnect); [08001] [Microsoft][ODBC Driver 17 for SQL Server]Login timeout expired (0); [08001] [Microsoft][ODBC Driver 17 for SQL Server]A network-related or instance-specific error has occurred while establishing a connection to SQL Server. Server is not found or not accessible. Check if instance name is correct and if SQL Server is configured to allow remote connections. For more information see SQL Server Books Online. (53)')
2024-01-02 22:13:57,200 - ERROR - An unexpected error occurred while processing the message from the part_information topic: 'dict' object has no attribute 'value'
2024-01-02 22:16:22,893 - ERROR - An error occurred while connecting to the data warehouse: ('08001', '[08001] [Microsoft][ODBC Driver 17 for SQL Server]Named Pipes Provider: Could not open a connection to SQL Server [53].  (53) (SQLDriverConnect); [08001] [Microsoft][ODBC Driver 17 for SQL Server]Login timeout expired (0); [08001] [Microsoft][ODBC Driver 17 for SQL Server]A network-related or instance-specific error has occurred while establishing a connection to SQL Server. Server is not found or not accessible. Check if instance name is correct and if SQL Server is configured to allow remote connections. For more information see SQL Server Books Online. (53)')
2024-01-02 22:16:22,898 - ERROR - An unexpected error occurred while processing the message from the part_information topic: 'dict' object has no attribute 'value'
2024-01-02 22:19:33,594 - ERROR - An error occurred while connecting to the data warehouse: ('08001', '[08001] [Microsoft][ODBC Driver 17 for SQL Server]Named Pipes Provider: Could not open a connection to SQL Server [53].  (53) (SQLDriverConnect); [08001] [Microsoft][ODBC Driver 17 for SQL Server]Login timeout expired (0); [08001] [Microsoft][ODBC Driver 17 for SQL Server]A network-related or instance-specific error has occurred while establishing a connection to SQL Server. Server is not found or not accessible. Check if instance name is correct and if SQL Server is configured to allow remote connections. For more information see SQL Server Books Online. (53)')
2024-01-02 22:19:33,596 - ERROR - An unexpected error occurred while processing the message from the part_information topic: 'dict' object has no attribute 'value'
2024-01-02 22:20:33,435 - ERROR - An error occurred while connecting to the data warehouse: ('08001', '[08001] [Microsoft][ODBC Driver 17 for SQL Server]Named Pipes Provider: Could not open a connection to SQL Server [53].  (53) (SQLDriverConnect); [08001] [Microsoft][ODBC Driver 17 for SQL Server]Login timeout expired (0); [08001] [Microsoft][ODBC Driver 17 for SQL Server]A network-related or instance-specific error has occurred while establishing a connection to SQL Server. Server is not found or not accessible. Check if instance name is correct and if SQL Server is configured to allow remote connections. For more information see SQL Server Books Online. (53)')
2024-01-02 22:20:33,436 - ERROR - An unexpected error occurred while processing the message from the part_information topic: 'dict' object has no attribute 'value'
2024-01-02 22:24:15,092 - ERROR - An error occurred while connecting to the data warehouse: ('08001', '[08001] [Microsoft][ODBC Driver 17 for SQL Server]Named Pipes Provider: Could not open a connection to SQL Server [53].  (53) (SQLDriverConnect); [08001] [Microsoft][ODBC Driver 17 for SQL Server]Login timeout expired (0); [08001] [Microsoft][ODBC Driver 17 for SQL Server]A network-related or instance-specific error has occurred while establishing a connection to SQL Server. Server is not found or not accessible. Check if instance name is correct and if SQL Server is configured to allow remote connections. For more information see SQL Server Books Online. (53)')
2024-01-02 22:24:15,094 - ERROR - An unexpected error occurred while processing the message from the part_information topic: 'dict' object has no attribute 'value'
2024-01-02 22:33:04,701 - ERROR - An error occurred while connecting to the data warehouse: ('08001', '[08001] [Microsoft][ODBC Driver 17 for SQL Server]Named Pipes Provider: Could not open a connection to SQL Server [53].  (53) (SQLDriverConnect); [08001] [Microsoft][ODBC Driver 17 for SQL Server]Login timeout expired (0); [08001] [Microsoft][ODBC Driver 17 for SQL Server]A network-related or instance-specific error has occurred while establishing a connection to SQL Server. Server is not found or not accessible. Check if instance name is correct and if SQL Server is configured to allow remote connections. For more information see SQL Server Books Online. (53)')
2024-01-02 22:33:04,702 - ERROR - An unexpected error occurred while processing the message from the part_information topic: 'dict' object has no attribute 'value'
2024-01-02 22:34:21,499 - ERROR - An error occurred while connecting to the data warehouse: ('08001', '[08001] [Microsoft][ODBC Driver 17 for SQL Server]Named Pipes Provider: Could not open a connection to SQL Server [53].  (53) (SQLDriverConnect); [08001] [Microsoft][ODBC Driver 17 for SQL Server]Login timeout expired (0); [08001] [Microsoft][ODBC Driver 17 for SQL Server]A network-related or instance-specific error has occurred while establishing a connection to SQL Server. Server is not found or not accessible. Check if instance name is correct and if SQL Server is configured to allow remote connections. For more information see SQL Server Books Online. (53)')
2024-01-02 22:39:17,818 - INFO - Connection to the data warehouse established successfully.
2024-01-02 22:39:53,401 - INFO - Connection to the data warehouse established successfully.
2024-01-02 22:39:53,402 - ERROR - An unexpected error occurred while processing the message from the part_information topic: 'dict' object has no attribute 'value'
2024-01-02 22:41:46,131 - INFO - Connection to the data warehouse established successfully.
2024-01-02 22:41:57,498 - INFO - Connection to the data warehouse established successfully.
2024-01-02 22:47:40,380 - INFO - Connection to the data warehouse established successfully.
2024-01-02 22:48:27,381 - INFO - Connection to the data warehouse established successfully.
2024-01-02 22:48:28,763 - INFO - Connection to the data warehouse established successfully.
2024-01-02 22:49:11,337 - INFO - Connection to the data warehouse established successfully.
2024-01-02 22:49:23,401 - INFO - Connection to the data warehouse established successfully.
2024-01-02 22:49:30,255 - INFO - Connection to the data warehouse established successfully.
2024-01-02 22:51:11,698 - INFO - Connection to the data warehouse established successfully.
2024-01-02 22:51:11,752 - ERROR - An error occurred while executing the query: ("A TVP's rows must be Sequence objects.", 'HY000')
2024-01-02 22:51:11,753 - ERROR - An error occurred while executing the query: ("A TVP's rows must be Sequence objects.", 'HY000')
2024-01-02 22:54:04,659 - INFO - Connection to the data warehouse established successfully.
2024-01-02 22:55:41,595 - INFO - Connection to the data warehouse established successfully.
2024-01-02 23:05:11,206 - INFO - Connection to the data warehouse established successfully.
2024-01-02 23:06:42,564 - INFO - Connection to the data warehouse established successfully.
2024-01-02 23:08:06,297 - INFO - Connection to the data warehouse established successfully.
2024-01-02 23:10:12,279 - INFO - Connection to the data warehouse established successfully.
2024-01-02 23:10:50,997 - INFO - Connection to the data warehouse established successfully.
2024-01-02 23:13:54,896 - INFO - Connection to the data warehouse established successfully.
2024-01-02 23:14:19,880 - INFO - Connection to the data warehouse established successfully.
2024-01-02 23:23:41,037 - INFO - Connection to the data warehouse established successfully.
2024-01-02 23:31:25,450 - INFO - Connection to the data warehouse established successfully.
2024-01-02 23:36:33,990 - INFO - Connection to the data warehouse established successfully.
2024-01-02 23:36:33,994 - ERROR - An error occurred while executing the query: ('The SQL contains 0 parameter markers, but 1 parameters were supplied', 'HY000')
2024-01-02 23:36:33,994 - ERROR - An error occurred while executing the query: ('The SQL contains 0 parameter markers, but 1 parameters were supplied', 'HY000')
2024-01-02 23:36:33,994 - ERROR - An unexpected error occurred while processing the message from the part_information topic: 'NoneType' object is not iterable
2024-01-02 23:37:40,992 - INFO - Connection to the data warehouse established successfully.
2024-01-02 23:37:40,995 - ERROR - An error occurred while executing the query: ('The SQL contains 0 parameter markers, but 1 parameters were supplied', 'HY000')
2024-01-02 23:37:40,996 - ERROR - An error occurred while executing the query: ('The SQL contains 0 parameter markers, but 1 parameters were supplied', 'HY000')
2024-01-02 23:37:40,996 - ERROR - An unexpected error occurred while processing the message from the part_information topic: 'NoneType' object is not iterable
2024-01-02 23:39:11,438 - INFO - Connection to the data warehouse established successfully.
2024-01-03 00:03:59,721 - INFO - Connection to the data warehouse established successfully.
2024-01-03 00:05:32,640 - INFO - Connection to the data warehouse established successfully.
2024-01-03 00:09:16,116 - INFO - Connection to the data warehouse established successfully.
2024-01-03 00:09:16,137 - ERROR - An error occurred while executing the query: ('42000', "[42000] [Microsoft][ODBC Driver 17 for SQL Server][SQL Server]Syntaxe incorrecte vers le mot clé 'FROM'. (156) (SQLExecDirectW); [42000] [Microsoft][ODBC Driver 17 for SQL Server][SQL Server]Impossible de préparer les instructions. (8180)")
2024-01-03 00:09:16,138 - ERROR - An error occurred while executing the query: ('42000', "[42000] [Microsoft][ODBC Driver 17 for SQL Server][SQL Server]Syntaxe incorrecte vers le mot clé 'FROM'. (156) (SQLExecDirectW); [42000] [Microsoft][ODBC Driver 17 for SQL Server][SQL Server]Impossible de préparer les instructions. (8180)")
2024-01-03 00:09:16,139 - ERROR - An unexpected error occurred while processing the message from the part_information topic: 'NoneType' object is not iterable
2024-01-03 00:09:24,472 - INFO - Connection to the data warehouse established successfully.
2024-01-03 00:09:52,288 - INFO - Connection to the data warehouse established successfully.
2024-01-03 00:10:46,644 - INFO - Connection to the data warehouse established successfully.
2024-01-03 00:11:47,277 - INFO - Connection to the data warehouse established successfully.
2024-01-03 00:15:10,520 - INFO - Connection to the data warehouse established successfully.
2024-01-03 00:28:55,604 - INFO - Connection to the data warehouse established successfully.
2024-01-03 00:29:14,598 - INFO - Connection to the data warehouse established successfully.
2024-01-03 00:29:22,846 - INFO - Starting to ingest Kafka supply chain messages in the dedicated DWH table.
2024-01-03 00:31:02,651 - INFO - Connection to the data warehouse established successfully.
2024-01-03 00:31:10,783 - INFO - Starting to ingest Kafka supply chain messages in the dedicated DWH table.
2024-01-03 00:31:10,801 - INFO - Generated massive insert query for table fact_supply_chain with 1 records.
2024-01-03 00:38:57,606 - INFO - Connection to the data warehouse established successfully.
2024-01-03 00:38:57,613 - INFO - Generated massive insert query for table dim_unit with 1 records.
2024-01-03 01:04:53,804 - INFO - Connection to the data warehouse established successfully.
2024-01-03 01:04:53,805 - INFO - Starting to ingest Kafka supply chain messages in the dedicated DWH table.
2024-01-03 01:04:53,806 - ERROR - An unexpected error occurred while processing the message from the part_information topic: local variable 'table_name' referenced before assignment
2024-01-03 01:06:54,261 - INFO - Connection to the data warehouse established successfully.
2024-01-03 01:06:54,261 - INFO - Starting to ingest Kafka supply chain messages in the dedicated DWH table.
2024-01-03 01:06:54,263 - ERROR - An unexpected error occurred while processing the message from the part_information topic: local variable 'table_name' referenced before assignment
2024-01-03 01:07:55,712 - INFO - Connection to the data warehouse established successfully.
2024-01-03 01:07:55,713 - INFO - Starting to ingest Kafka supply chain messages in the dedicated DWH table.
2024-01-03 01:07:55,716 - ERROR - An error occurred while executing the query: ('42000', "[42000] [Microsoft][ODBC Driver 17 for SQL Server][SQL Server]Syntaxe incorrecte vers '<'. (102) (SQLExecDirectW)")
2024-01-03 01:07:55,716 - INFO - Generated massive insert query for table dim_part_information with 1 records.
2024-01-03 01:14:22,384 - INFO - Connection to the data warehouse established successfully.
2024-01-03 01:14:22,396 - INFO - <BrokerConnection node_id=bootstrap-0 host=kafka:9092 <connecting> [IPv4 ('127.0.0.1', 9092)]>: connecting to kafka:9092 [('127.0.0.1', 9092) IPv4]
2024-01-03 01:14:22,397 - INFO - Probing node bootstrap-0 broker version
2024-01-03 01:14:22,398 - INFO - <BrokerConnection node_id=bootstrap-0 host=kafka:9092 <connecting> [IPv4 ('127.0.0.1', 9092)]>: Connection complete.
2024-01-03 01:14:22,612 - INFO - Broker version identified as 2.5.0
2024-01-03 01:14:22,613 - INFO - Set configuration api_version=(2, 5, 0) to skip auto check_version requests on startup
2024-01-03 01:14:22,614 - INFO - Updating subscribed topics to: ['material', 'material_prices', 'part_information', 'machines', 'supply_chain']
2024-01-03 01:14:22,614 - INFO - Subscribed to topics: ['material', 'material_prices', 'part_information', 'machines', 'supply_chain']
2024-01-03 01:14:22,614 - INFO - Starting to consume messages from ['material', 'material_prices', 'part_information', 'machines', 'supply_chain']
2024-01-03 01:14:22,919 - WARNING - Topic machines is not available during auto-create initialization
2024-01-03 01:14:22,920 - WARNING - Topic material is not available during auto-create initialization
2024-01-03 01:14:22,920 - WARNING - Topic material_prices is not available during auto-create initialization
2024-01-03 01:14:22,921 - WARNING - Topic supply_chain is not available during auto-create initialization
2024-01-03 01:14:22,921 - WARNING - Topic part_information is not available during auto-create initialization
2024-01-03 01:14:23,029 - INFO - <BrokerConnection node_id=1001 host=kafka:9092 <connecting> [IPv4 ('127.0.0.1', 9092)]>: connecting to kafka:9092 [('127.0.0.1', 9092) IPv4]
2024-01-03 01:14:23,030 - INFO - <BrokerConnection node_id=1001 host=kafka:9092 <connecting> [IPv4 ('127.0.0.1', 9092)]>: Connection complete.
2024-01-03 01:14:23,030 - INFO - <BrokerConnection node_id=bootstrap-0 host=kafka:9092 <connected> [IPv4 ('127.0.0.1', 9092)]>: Closing connection. 
2024-01-03 01:14:23,677 - INFO - Group coordinator for g2 is BrokerMetadata(nodeId='coordinator-1001', host='kafka', port=9092, rack=None)
2024-01-03 01:14:23,678 - INFO - Discovered coordinator coordinator-1001 for group g2
2024-01-03 01:14:23,678 - INFO - Starting new heartbeat thread
2024-01-03 01:14:23,678 - INFO - Revoking previously assigned partitions set() for group g2
2024-01-03 01:14:23,679 - INFO - <BrokerConnection node_id=coordinator-1001 host=kafka:9092 <connecting> [IPv4 ('127.0.0.1', 9092)]>: connecting to kafka:9092 [('127.0.0.1', 9092) IPv4]
2024-01-03 01:14:23,679 - INFO - <BrokerConnection node_id=coordinator-1001 host=kafka:9092 <connecting> [IPv4 ('127.0.0.1', 9092)]>: Connection complete.
2024-01-03 01:14:23,781 - INFO - (Re-)joining group g2
2024-01-03 01:14:23,848 - INFO - Elected group leader -- performing partition assignments using range
2024-01-03 01:14:23,850 - WARNING - No partition metadata for topic material
2024-01-03 01:14:23,850 - WARNING - No partition metadata for topic supply_chain
2024-01-03 01:14:23,850 - WARNING - No partition metadata for topic part_information
2024-01-03 01:14:23,850 - WARNING - No partition metadata for topic machines
2024-01-03 01:14:23,851 - WARNING - No partition metadata for topic material_prices
2024-01-03 01:14:23,923 - INFO - Successfully joined group g2 with generation 1
2024-01-03 01:14:23,924 - INFO - Updated partition assignment: []
2024-01-03 01:14:23,924 - INFO - Setting newly assigned partitions set() for group g2
2024-01-03 01:14:23,924 - INFO - Revoking previously assigned partitions set() for group g2
2024-01-03 01:14:23,925 - INFO - (Re-)joining group g2
2024-01-03 01:14:23,929 - INFO - Elected group leader -- performing partition assignments using range
2024-01-03 01:14:23,934 - INFO - Successfully joined group g2 with generation 2
2024-01-03 01:14:23,935 - INFO - Updated partition assignment: [TopicPartition(topic='machines', partition=0), TopicPartition(topic='material', partition=0), TopicPartition(topic='material_prices', partition=0), TopicPartition(topic='part_information', partition=0), TopicPartition(topic='supply_chain', partition=0)]
2024-01-03 01:14:23,935 - INFO - Setting newly assigned partitions {TopicPartition(topic='supply_chain', partition=0), TopicPartition(topic='part_information', partition=0), TopicPartition(topic='machines', partition=0), TopicPartition(topic='material', partition=0), TopicPartition(topic='material_prices', partition=0)} for group g2
2024-01-03 01:14:44,386 - DEBUG - Message received from part_information and from partition 0
2024-01-03 01:14:44,386 - INFO - Message received from part_information and from partition 0 at offset 0 : {'defaultPrice': '14999.99', 'timeToProduce': 360, 'id': 12}
2024-01-03 01:14:44,386 - INFO - Starting to ingest Kafka supply chain messages in the dedicated DWH table.
2024-01-03 01:14:44,387 - ERROR - An error occurred while executing the query: ('42000', "[42000] [Microsoft][ODBC Driver 17 for SQL Server][SQL Server]Syntaxe incorrecte vers '<'. (102) (SQLExecDirectW)")
2024-01-03 01:14:44,387 - INFO - Generated massive insert query for table dim_part_information with 1 records.
2024-01-03 01:18:04,215 - INFO - Closing the consumer for topic: ['material', 'material_prices', 'part_information', 'machines', 'supply_chain']
2024-01-03 01:18:04,227 - INFO - Stopping heartbeat thread
2024-01-03 01:18:04,227 - INFO - Leaving consumer group (g2).
2024-01-03 01:18:04,238 - INFO - <BrokerConnection node_id=1001 host=kafka:9092 <connected> [IPv4 ('127.0.0.1', 9092)]>: Closing connection. 
2024-01-03 01:18:04,238 - ERROR - Fetch to node 1001 failed: Cancelled: <BrokerConnection node_id=1001 host=kafka:9092 <connected> [IPv4 ('127.0.0.1', 9092)]>
2024-01-03 01:18:04,238 - INFO - <BrokerConnection node_id=coordinator-1001 host=kafka:9092 <connected> [IPv4 ('127.0.0.1', 9092)]>: Closing connection. 
2024-01-03 01:18:44,054 - INFO - Connection to the data warehouse established successfully.
2024-01-03 01:18:44,054 - INFO - Starting to ingest Kafka supply chain messages in the dedicated DWH table.
2024-01-03 01:18:44,055 - ERROR - An error occurred while executing the query: ('42000', "[42000] [Microsoft][ODBC Driver 17 for SQL Server][SQL Server]Syntaxe incorrecte vers '<'. (102) (SQLExecDirectW)")
2024-01-03 01:18:44,056 - INFO - Generated massive insert query for table dim_part_information with 1 records.
2024-01-03 01:19:44,267 - INFO - Connection to the data warehouse established successfully.
2024-01-03 01:19:44,268 - INFO - Starting to ingest Kafka supply chain messages in the dedicated DWH table.
2024-01-03 01:19:44,269 - ERROR - An error occurred while executing the query: ('42000', "[42000] [Microsoft][ODBC Driver 17 for SQL Server][SQL Server]Syntaxe incorrecte vers '<'. (102) (SQLExecDirectW)")
2024-01-03 01:20:16,108 - INFO - Connection to the data warehouse established successfully.
2024-01-03 01:20:16,109 - INFO - Starting to ingest Kafka supply chain messages in the dedicated DWH table.
2024-01-03 01:21:26,944 - INFO - Connection to the data warehouse established successfully.
2024-01-03 01:21:26,952 - INFO - <BrokerConnection node_id=bootstrap-0 host=kafka:9092 <connecting> [IPv4 ('127.0.0.1', 9092)]>: connecting to kafka:9092 [('127.0.0.1', 9092) IPv4]
2024-01-03 01:21:26,952 - INFO - Probing node bootstrap-0 broker version
2024-01-03 01:21:26,952 - INFO - <BrokerConnection node_id=bootstrap-0 host=kafka:9092 <connecting> [IPv4 ('127.0.0.1', 9092)]>: Connection complete.
2024-01-03 01:21:27,067 - INFO - Broker version identified as 2.5.0
2024-01-03 01:21:27,067 - INFO - Set configuration api_version=(2, 5, 0) to skip auto check_version requests on startup
2024-01-03 01:21:27,068 - INFO - Updating subscribed topics to: ['material', 'material_prices', 'part_information', 'machines', 'supply_chain']
2024-01-03 01:21:27,068 - INFO - Subscribed to topics: ['material', 'material_prices', 'part_information', 'machines', 'supply_chain']
2024-01-03 01:21:27,069 - INFO - Starting to consume messages from ['material', 'material_prices', 'part_information', 'machines', 'supply_chain']
2024-01-03 01:21:27,071 - INFO - Group coordinator for g2 is BrokerMetadata(nodeId='coordinator-1001', host='kafka', port=9092, rack=None)
2024-01-03 01:21:27,071 - INFO - Discovered coordinator coordinator-1001 for group g2
2024-01-03 01:21:27,071 - INFO - Starting new heartbeat thread
2024-01-03 01:21:27,072 - INFO - Revoking previously assigned partitions set() for group g2
2024-01-03 01:21:27,072 - INFO - <BrokerConnection node_id=coordinator-1001 host=kafka:9092 <connecting> [IPv4 ('127.0.0.1', 9092)]>: connecting to kafka:9092 [('127.0.0.1', 9092) IPv4]
2024-01-03 01:21:27,073 - INFO - <BrokerConnection node_id=coordinator-1001 host=kafka:9092 <connecting> [IPv4 ('127.0.0.1', 9092)]>: Connection complete.
2024-01-03 01:21:27,073 - INFO - <BrokerConnection node_id=bootstrap-0 host=kafka:9092 <connected> [IPv4 ('127.0.0.1', 9092)]>: Closing connection. 
2024-01-03 01:21:27,182 - INFO - (Re-)joining group g2
2024-01-03 01:21:27,191 - INFO - Elected group leader -- performing partition assignments using range
2024-01-03 01:21:27,192 - INFO - <BrokerConnection node_id=1001 host=kafka:9092 <connecting> [IPv4 ('127.0.0.1', 9092)]>: connecting to kafka:9092 [('127.0.0.1', 9092) IPv4]
2024-01-03 01:21:27,192 - INFO - <BrokerConnection node_id=1001 host=kafka:9092 <connecting> [IPv4 ('127.0.0.1', 9092)]>: Connection complete.
2024-01-03 01:21:27,195 - INFO - Successfully joined group g2 with generation 4
2024-01-03 01:21:27,195 - INFO - Updated partition assignment: [TopicPartition(topic='machines', partition=0), TopicPartition(topic='material', partition=0), TopicPartition(topic='material_prices', partition=0), TopicPartition(topic='part_information', partition=0), TopicPartition(topic='supply_chain', partition=0)]
2024-01-03 01:21:27,195 - INFO - Setting newly assigned partitions {TopicPartition(topic='part_information', partition=0), TopicPartition(topic='material', partition=0), TopicPartition(topic='material_prices', partition=0), TopicPartition(topic='supply_chain', partition=0), TopicPartition(topic='machines', partition=0)} for group g2
2024-01-03 01:21:36,874 - DEBUG - Message received from part_information and from partition 0
2024-01-03 01:21:36,874 - INFO - Message received from part_information and from partition 0 at offset 1 : {'defaultPrice': '14999.99', 'timeToProduce': 360, 'id': 13}
2024-01-03 01:21:36,874 - INFO - Starting to ingest Kafka supply chain messages in the dedicated DWH table.
2024-01-03 01:21:36,877 - INFO - Generated massive insert query for table dim_part_information with 1 records.
2024-01-03 01:21:39,661 - DEBUG - Message received from part_information and from partition 0
2024-01-03 01:21:39,662 - INFO - Message received from part_information and from partition 0 at offset 2 : {'defaultPrice': '14999.99', 'timeToProduce': 360, 'id': 14}
2024-01-03 01:21:39,662 - INFO - Starting to ingest Kafka supply chain messages in the dedicated DWH table.
2024-01-03 01:21:39,663 - INFO - Generated massive insert query for table dim_part_information with 1 records.
2024-01-03 01:22:06,611 - DEBUG - Message received from part_information and from partition 0
2024-01-03 01:22:06,611 - INFO - Message received from part_information and from partition 0 at offset 3 : {'defaultPrice': '14999.99', 'timeToProduce': 360, 'id': 15}
2024-01-03 01:22:06,611 - INFO - Starting to ingest Kafka supply chain messages in the dedicated DWH table.
2024-01-03 01:22:06,615 - INFO - Generated massive insert query for table dim_part_information with 1 records.
2024-01-03 01:24:33,098 - INFO - Closing the consumer for topic: ['material', 'material_prices', 'part_information', 'machines', 'supply_chain']
2024-01-03 01:24:33,103 - INFO - Stopping heartbeat thread
2024-01-03 01:24:33,103 - INFO - Leaving consumer group (g2).
2024-01-03 01:24:33,106 - INFO - <BrokerConnection node_id=coordinator-1001 host=kafka:9092 <connected> [IPv4 ('127.0.0.1', 9092)]>: Closing connection. 
2024-01-03 01:24:33,106 - INFO - <BrokerConnection node_id=1001 host=kafka:9092 <connected> [IPv4 ('127.0.0.1', 9092)]>: Closing connection. 
2024-01-03 01:25:37,753 - INFO - Connection to the data warehouse established successfully.
2024-01-03 01:25:37,754 - INFO - Starting to ingest Kafka supply chain messages in the dedicated DWH table.
2024-01-03 01:25:37,760 - INFO - Generated massive insert query for table dim_part_information with 1 records.
2024-01-03 01:25:37,765 - INFO - Connection to the data warehouse established successfully.
2024-01-03 01:25:37,774 - INFO - <BrokerConnection node_id=bootstrap-0 host=kafka:9092 <connecting> [IPv4 ('127.0.0.1', 9092)]>: connecting to kafka:9092 [('127.0.0.1', 9092) IPv4]
2024-01-03 01:25:37,774 - INFO - Probing node bootstrap-0 broker version
2024-01-03 01:25:37,775 - INFO - <BrokerConnection node_id=bootstrap-0 host=kafka:9092 <connecting> [IPv4 ('127.0.0.1', 9092)]>: Connection complete.
2024-01-03 01:25:37,887 - INFO - Broker version identified as 2.5.0
2024-01-03 01:25:37,888 - INFO - Set configuration api_version=(2, 5, 0) to skip auto check_version requests on startup
2024-01-03 01:25:37,889 - INFO - Updating subscribed topics to: ['material', 'material_prices', 'part_information', 'machines', 'supply_chain']
2024-01-03 01:25:37,889 - INFO - Subscribed to topics: ['material', 'material_prices', 'part_information', 'machines', 'supply_chain']
2024-01-03 01:25:37,889 - INFO - Starting to consume messages from ['material', 'material_prices', 'part_information', 'machines', 'supply_chain']
2024-01-03 01:25:37,891 - INFO - Group coordinator for g2 is BrokerMetadata(nodeId='coordinator-1001', host='kafka', port=9092, rack=None)
2024-01-03 01:25:37,891 - INFO - Discovered coordinator coordinator-1001 for group g2
2024-01-03 01:25:37,892 - INFO - Starting new heartbeat thread
2024-01-03 01:25:37,892 - INFO - Revoking previously assigned partitions set() for group g2
2024-01-03 01:25:37,893 - INFO - <BrokerConnection node_id=coordinator-1001 host=kafka:9092 <connecting> [IPv4 ('127.0.0.1', 9092)]>: connecting to kafka:9092 [('127.0.0.1', 9092) IPv4]
2024-01-03 01:25:37,893 - INFO - <BrokerConnection node_id=coordinator-1001 host=kafka:9092 <connecting> [IPv4 ('127.0.0.1', 9092)]>: Connection complete.
2024-01-03 01:25:37,893 - INFO - <BrokerConnection node_id=bootstrap-0 host=kafka:9092 <connected> [IPv4 ('127.0.0.1', 9092)]>: Closing connection. 
2024-01-03 01:25:38,003 - INFO - (Re-)joining group g2
2024-01-03 01:25:38,005 - INFO - <BrokerConnection node_id=bootstrap-0 host=kafka:9092 <connecting> [IPv4 ('127.0.0.1', 9092)]>: connecting to kafka:9092 [('127.0.0.1', 9092) IPv4]
2024-01-03 01:25:38,007 - INFO - <BrokerConnection node_id=bootstrap-0 host=kafka:9092 <connecting> [IPv4 ('127.0.0.1', 9092)]>: Connection complete.
2024-01-03 01:25:38,009 - INFO - Elected group leader -- performing partition assignments using range
2024-01-03 01:25:38,010 - WARNING - No partition metadata for topic material
2024-01-03 01:25:38,010 - WARNING - No partition metadata for topic supply_chain
2024-01-03 01:25:38,010 - WARNING - No partition metadata for topic material_prices
2024-01-03 01:25:38,010 - WARNING - No partition metadata for topic part_information
2024-01-03 01:25:38,010 - WARNING - No partition metadata for topic machines
2024-01-03 01:25:38,012 - INFO - Successfully joined group g2 with generation 6
2024-01-03 01:25:38,013 - INFO - Updated partition assignment: []
2024-01-03 01:25:38,013 - INFO - Setting newly assigned partitions set() for group g2
2024-01-03 01:25:38,013 - INFO - Revoking previously assigned partitions set() for group g2
2024-01-03 01:25:38,013 - INFO - (Re-)joining group g2
2024-01-03 01:25:38,015 - INFO - Elected group leader -- performing partition assignments using range
2024-01-03 01:25:38,018 - INFO - Successfully joined group g2 with generation 7
2024-01-03 01:25:38,018 - INFO - Updated partition assignment: [TopicPartition(topic='machines', partition=0), TopicPartition(topic='material', partition=0), TopicPartition(topic='material_prices', partition=0), TopicPartition(topic='part_information', partition=0), TopicPartition(topic='supply_chain', partition=0)]
2024-01-03 01:25:38,018 - INFO - Setting newly assigned partitions {TopicPartition(topic='material', partition=0), TopicPartition(topic='supply_chain', partition=0), TopicPartition(topic='material_prices', partition=0), TopicPartition(topic='machines', partition=0), TopicPartition(topic='part_information', partition=0)} for group g2
2024-01-03 01:25:38,023 - INFO - <BrokerConnection node_id=1001 host=kafka:9092 <connecting> [IPv4 ('127.0.0.1', 9092)]>: connecting to kafka:9092 [('127.0.0.1', 9092) IPv4]
2024-01-03 01:25:38,023 - INFO - <BrokerConnection node_id=1001 host=kafka:9092 <connecting> [IPv4 ('127.0.0.1', 9092)]>: Connection complete.
2024-01-03 01:25:38,023 - INFO - <BrokerConnection node_id=bootstrap-0 host=kafka:9092 <connected> [IPv4 ('127.0.0.1', 9092)]>: Closing connection. 
2024-01-03 01:25:40,038 - INFO - Closing the consumer for topic: ['material', 'material_prices', 'part_information', 'machines', 'supply_chain']
2024-01-03 01:25:40,043 - INFO - Stopping heartbeat thread
2024-01-03 01:25:40,044 - INFO - Leaving consumer group (g2).
2024-01-03 01:25:40,046 - INFO - <BrokerConnection node_id=coordinator-1001 host=kafka:9092 <connected> [IPv4 ('127.0.0.1', 9092)]>: Closing connection. 
2024-01-03 01:25:40,047 - INFO - <BrokerConnection node_id=1001 host=kafka:9092 <connected> [IPv4 ('127.0.0.1', 9092)]>: Closing connection. 
2024-01-03 01:25:44,817 - INFO - Connection to the data warehouse established successfully.
2024-01-03 01:25:44,817 - INFO - Starting to ingest Kafka supply chain messages in the dedicated DWH table.
2024-01-03 01:25:44,818 - INFO - Generated massive insert query for table dim_part_information with 1 records.
2024-01-03 01:30:41,772 - INFO - Connection to the data warehouse established successfully.
2024-01-03 01:30:41,772 - INFO - Starting to ingest Kafka supply chain messages in the dedicated DWH table.
2024-01-03 01:30:41,776 - ERROR - An unexpected error occurred while processing the message from the part_information topic: 'DataWarehouseManager' object has no attribute 'generate_and_execute_massive_insert'
2024-01-03 01:31:07,788 - INFO - Connection to the data warehouse established successfully.
2024-01-03 01:31:07,788 - INFO - Starting to ingest Kafka supply chain messages in the dedicated DWH table.
2024-01-03 01:31:07,838 - ERROR - Error executing massive insert query: ('42000', "[42000] [Microsoft][ODBC Driver 17 for SQL Server][SQL Server]Colonne, paramètre ou variable #1\xa0: type de données READONLY introuvable. (2715) (SQLExecDirectW); [42000] [Microsoft][ODBC Driver 17 for SQL Server][SQL Server]Impossible de préparer les instructions. (8180); [42000] [Microsoft][ODBC Driver 17 for SQL Server][SQL Server]Le paramètre ou la variable '@P1' a un type de données non valide. (2724)")
2024-01-03 01:35:19,685 - INFO - Connection to the data warehouse established successfully.
2024-01-03 01:35:19,685 - INFO - Starting to ingest Kafka supply chain messages in the dedicated DWH table.
2024-01-03 01:35:19,695 - ERROR - Error executing massive insert query: ('42000', "[42000] [Microsoft][ODBC Driver 17 for SQL Server][SQL Server]Colonne, paramètre ou variable #1\xa0: type de données READONLY introuvable. (2715) (SQLExecDirectW); [42000] [Microsoft][ODBC Driver 17 for SQL Server][SQL Server]Impossible de préparer les instructions. (8180); [42000] [Microsoft][ODBC Driver 17 for SQL Server][SQL Server]Le paramètre ou la variable '@P1' a un type de données non valide. (2724)")
2024-01-03 01:43:54,499 - INFO - Connection to the data warehouse established successfully.
2024-01-03 01:43:54,500 - INFO - Starting to ingest Kafka supply chain messages in the dedicated DWH table.
2024-01-03 01:44:35,638 - INFO - Connection to the data warehouse established successfully.
2024-01-03 01:44:35,638 - INFO - Starting to ingest Kafka supply chain messages in the dedicated DWH table.
2024-01-03 01:44:35,652 - ERROR - Error executing massive insert query: ('42000', "[42000] [Microsoft][ODBC Driver 17 for SQL Server][SQL Server]Colonne, paramètre ou variable #1\xa0: type de données READONLY introuvable. (2715) (SQLExecDirectW); [42000] [Microsoft][ODBC Driver 17 for SQL Server][SQL Server]Impossible de préparer les instructions. (8180); [42000] [Microsoft][ODBC Driver 17 for SQL Server][SQL Server]Le paramètre ou la variable '@P1' a un type de données non valide. (2724)")
2024-01-03 01:46:06,700 - INFO - Connection to the data warehouse established successfully.
2024-01-03 01:46:06,701 - INFO - Starting to ingest Kafka supply chain messages in the dedicated DWH table.
2024-01-03 01:46:13,745 - INFO - Connection to the data warehouse established successfully.
2024-01-03 01:46:13,746 - INFO - Starting to ingest Kafka supply chain messages in the dedicated DWH table.
2024-01-03 01:46:20,507 - INFO - Connection to the data warehouse established successfully.
2024-01-03 01:46:20,508 - INFO - Starting to ingest Kafka supply chain messages in the dedicated DWH table.
2024-01-03 01:48:28,104 - INFO - Connection to the data warehouse established successfully.
2024-01-03 01:48:28,105 - INFO - Starting to ingest Kafka supply chain messages in the dedicated DWH table.
2024-01-03 01:48:28,116 - INFO - Successfully executed massive insert for table dim_part_information with 1 records.
2024-01-03 01:49:30,864 - INFO - Connection to the data warehouse established successfully.
2024-01-03 01:49:30,874 - INFO - <BrokerConnection node_id=bootstrap-0 host=kafka:9092 <connecting> [IPv4 ('127.0.0.1', 9092)]>: connecting to kafka:9092 [('127.0.0.1', 9092) IPv4]
2024-01-03 01:49:30,875 - INFO - Probing node bootstrap-0 broker version
2024-01-03 01:49:30,875 - INFO - <BrokerConnection node_id=bootstrap-0 host=kafka:9092 <connecting> [IPv4 ('127.0.0.1', 9092)]>: Connection complete.
2024-01-03 01:49:30,996 - INFO - Broker version identified as 2.5.0
2024-01-03 01:49:30,996 - INFO - Set configuration api_version=(2, 5, 0) to skip auto check_version requests on startup
2024-01-03 01:49:30,997 - INFO - Updating subscribed topics to: ['material', 'material_prices', 'part_information', 'machines', 'supply_chain']
2024-01-03 01:49:30,997 - INFO - Subscribed to topics: ['material', 'material_prices', 'part_information', 'machines', 'supply_chain']
2024-01-03 01:49:30,997 - INFO - Starting to consume messages from ['material', 'material_prices', 'part_information', 'machines', 'supply_chain']
2024-01-03 01:49:30,999 - INFO - Group coordinator for g2 is BrokerMetadata(nodeId='coordinator-1001', host='kafka', port=9092, rack=None)
2024-01-03 01:49:30,999 - INFO - Discovered coordinator coordinator-1001 for group g2
2024-01-03 01:49:31,000 - INFO - Starting new heartbeat thread
2024-01-03 01:49:31,000 - INFO - Revoking previously assigned partitions set() for group g2
2024-01-03 01:49:31,001 - INFO - <BrokerConnection node_id=coordinator-1001 host=kafka:9092 <connecting> [IPv4 ('127.0.0.1', 9092)]>: connecting to kafka:9092 [('127.0.0.1', 9092) IPv4]
2024-01-03 01:49:31,001 - INFO - <BrokerConnection node_id=coordinator-1001 host=kafka:9092 <connecting> [IPv4 ('127.0.0.1', 9092)]>: Connection complete.
2024-01-03 01:49:31,001 - INFO - <BrokerConnection node_id=bootstrap-0 host=kafka:9092 <connected> [IPv4 ('127.0.0.1', 9092)]>: Closing connection. 
2024-01-03 01:49:31,115 - INFO - (Re-)joining group g2
2024-01-03 01:49:31,119 - INFO - Elected group leader -- performing partition assignments using range
2024-01-03 01:49:31,120 - INFO - <BrokerConnection node_id=1001 host=kafka:9092 <connecting> [IPv4 ('127.0.0.1', 9092)]>: connecting to kafka:9092 [('127.0.0.1', 9092) IPv4]
2024-01-03 01:49:31,120 - INFO - <BrokerConnection node_id=1001 host=kafka:9092 <connecting> [IPv4 ('127.0.0.1', 9092)]>: Connection complete.
2024-01-03 01:49:31,122 - INFO - Successfully joined group g2 with generation 9
2024-01-03 01:49:31,122 - INFO - Updated partition assignment: [TopicPartition(topic='machines', partition=0), TopicPartition(topic='material', partition=0), TopicPartition(topic='material_prices', partition=0), TopicPartition(topic='part_information', partition=0), TopicPartition(topic='supply_chain', partition=0)]
2024-01-03 01:49:31,123 - INFO - Setting newly assigned partitions {TopicPartition(topic='machines', partition=0), TopicPartition(topic='material_prices', partition=0), TopicPartition(topic='part_information', partition=0), TopicPartition(topic='material', partition=0), TopicPartition(topic='supply_chain', partition=0)} for group g2
2024-01-03 01:49:35,638 - DEBUG - Message received from part_information and from partition 0
2024-01-03 01:49:35,638 - INFO - Message received from part_information and from partition 0 at offset 4 : {'defaultPrice': '14999.99', 'timeToProduce': 360, 'id': 16}
2024-01-03 01:49:35,638 - INFO - Starting to ingest Kafka supply chain messages in the dedicated DWH table.
2024-01-03 01:49:35,648 - INFO - Successfully executed massive insert for table dim_part_information with 1 records.
2024-01-03 01:50:11,178 - DEBUG - Message received from supply_chain and from partition 0
2024-01-03 01:50:11,179 - INFO - Message received from supply_chain and from partition 0 at offset 0 : {'timeOfProduction': '2023-10-10T00:00:00.000Z', 'order': 5, 'var1': 0, 'var2': 'string', 'var3': 'string', 'var4': 0, 'var5': False, 'id': 'd2f10ece-70ea-459e-aa29-68ad62287cce'}
2024-01-03 01:50:11,179 - ERROR - An unexpected error occurred while processing the message from the supply_chain topic: local variable 'table_name' referenced before assignment
2024-01-03 01:50:18,738 - INFO - Closing the consumer for topic: ['material', 'material_prices', 'part_information', 'machines', 'supply_chain']
2024-01-03 01:50:18,742 - INFO - Stopping heartbeat thread
2024-01-03 01:50:18,743 - INFO - Leaving consumer group (g2).
2024-01-03 01:50:18,745 - INFO - <BrokerConnection node_id=coordinator-1001 host=kafka:9092 <connected> [IPv4 ('127.0.0.1', 9092)]>: Closing connection. 
2024-01-03 01:50:18,746 - INFO - <BrokerConnection node_id=1001 host=kafka:9092 <connected> [IPv4 ('127.0.0.1', 9092)]>: Closing connection. 
2024-01-03 01:50:46,664 - INFO - Connection to the data warehouse established successfully.
2024-01-03 01:50:46,670 - INFO - <BrokerConnection node_id=bootstrap-0 host=kafka:9092 <connecting> [IPv4 ('127.0.0.1', 9092)]>: connecting to kafka:9092 [('127.0.0.1', 9092) IPv4]
2024-01-03 01:50:46,670 - INFO - Probing node bootstrap-0 broker version
2024-01-03 01:50:46,671 - INFO - <BrokerConnection node_id=bootstrap-0 host=kafka:9092 <connecting> [IPv4 ('127.0.0.1', 9092)]>: Connection complete.
2024-01-03 01:50:46,811 - INFO - Broker version identified as 2.5.0
2024-01-03 01:50:46,812 - INFO - Set configuration api_version=(2, 5, 0) to skip auto check_version requests on startup
2024-01-03 01:50:46,813 - INFO - Updating subscribed topics to: ['material', 'material_prices', 'part_information', 'machines', 'supply_chain']
2024-01-03 01:50:46,814 - INFO - Subscribed to topics: ['material', 'material_prices', 'part_information', 'machines', 'supply_chain']
2024-01-03 01:50:46,814 - INFO - Starting to consume messages from ['material', 'material_prices', 'part_information', 'machines', 'supply_chain']
2024-01-03 01:50:46,841 - INFO - Group coordinator for g2 is BrokerMetadata(nodeId='coordinator-1001', host='kafka', port=9092, rack=None)
2024-01-03 01:50:46,841 - INFO - Discovered coordinator coordinator-1001 for group g2
2024-01-03 01:50:46,842 - INFO - Starting new heartbeat thread
2024-01-03 01:50:46,842 - INFO - Revoking previously assigned partitions set() for group g2
2024-01-03 01:50:46,843 - INFO - <BrokerConnection node_id=coordinator-1001 host=kafka:9092 <connecting> [IPv4 ('127.0.0.1', 9092)]>: connecting to kafka:9092 [('127.0.0.1', 9092) IPv4]
2024-01-03 01:50:46,843 - INFO - <BrokerConnection node_id=coordinator-1001 host=kafka:9092 <connecting> [IPv4 ('127.0.0.1', 9092)]>: Connection complete.
2024-01-03 01:50:46,843 - INFO - <BrokerConnection node_id=bootstrap-0 host=kafka:9092 <connected> [IPv4 ('127.0.0.1', 9092)]>: Closing connection. 
2024-01-03 01:50:46,948 - INFO - (Re-)joining group g2
2024-01-03 01:50:46,951 - INFO - Elected group leader -- performing partition assignments using range
2024-01-03 01:50:46,953 - INFO - <BrokerConnection node_id=1001 host=kafka:9092 <connecting> [IPv4 ('127.0.0.1', 9092)]>: connecting to kafka:9092 [('127.0.0.1', 9092) IPv4]
2024-01-03 01:50:46,953 - INFO - <BrokerConnection node_id=1001 host=kafka:9092 <connecting> [IPv4 ('127.0.0.1', 9092)]>: Connection complete.
2024-01-03 01:50:46,954 - INFO - Successfully joined group g2 with generation 11
2024-01-03 01:50:46,954 - INFO - Updated partition assignment: [TopicPartition(topic='machines', partition=0), TopicPartition(topic='material', partition=0), TopicPartition(topic='material_prices', partition=0), TopicPartition(topic='part_information', partition=0), TopicPartition(topic='supply_chain', partition=0)]
2024-01-03 01:50:46,955 - INFO - Setting newly assigned partitions {TopicPartition(topic='supply_chain', partition=0), TopicPartition(topic='material_prices', partition=0), TopicPartition(topic='material', partition=0), TopicPartition(topic='part_information', partition=0), TopicPartition(topic='machines', partition=0)} for group g2
2024-01-03 01:50:48,826 - DEBUG - Message received from supply_chain and from partition 0
2024-01-03 01:50:48,826 - INFO - Message received from supply_chain and from partition 0 at offset 1 : {'timeOfProduction': '2023-10-10T00:00:00.000Z', 'order': 5, 'var1': 0, 'var2': 'string', 'var3': 'string', 'var4': 0, 'var5': False, 'id': '54a9ebf9-55a5-4df4-97fa-940816dd9e39'}
2024-01-03 01:50:48,826 - INFO - Starting to ingest Kafka part information messages in the dedicated DWH table.
2024-01-03 01:50:48,828 - ERROR - An error occurred while executing the query: ('42000', "[42000] [Microsoft][ODBC Driver 17 for SQL Server][SQL Server]Syntaxe incorrecte vers '<'. (102) (SQLExecDirectW)")
2024-01-03 01:50:48,828 - ERROR - An unexpected error occurred while processing the message from the supply_chain topic: 'NoneType' object is not subscriptable
2024-01-03 01:51:13,988 - INFO - Closing the consumer for topic: ['material', 'material_prices', 'part_information', 'machines', 'supply_chain']
2024-01-03 01:51:13,991 - INFO - Stopping heartbeat thread
2024-01-03 01:51:13,991 - INFO - Leaving consumer group (g2).
2024-01-03 01:51:13,994 - INFO - <BrokerConnection node_id=coordinator-1001 host=kafka:9092 <connected> [IPv4 ('127.0.0.1', 9092)]>: Closing connection. 
2024-01-03 01:51:13,994 - INFO - <BrokerConnection node_id=1001 host=kafka:9092 <connected> [IPv4 ('127.0.0.1', 9092)]>: Closing connection. 
2024-01-03 01:51:15,383 - INFO - Connection to the data warehouse established successfully.
2024-01-03 01:51:15,391 - INFO - <BrokerConnection node_id=bootstrap-0 host=kafka:9092 <connecting> [IPv4 ('127.0.0.1', 9092)]>: connecting to kafka:9092 [('127.0.0.1', 9092) IPv4]
2024-01-03 01:51:15,391 - INFO - Probing node bootstrap-0 broker version
2024-01-03 01:51:15,392 - INFO - <BrokerConnection node_id=bootstrap-0 host=kafka:9092 <connecting> [IPv4 ('127.0.0.1', 9092)]>: Connection complete.
2024-01-03 01:51:15,500 - INFO - Broker version identified as 2.5.0
2024-01-03 01:51:15,500 - INFO - Set configuration api_version=(2, 5, 0) to skip auto check_version requests on startup
2024-01-03 01:51:15,501 - INFO - Updating subscribed topics to: ['material', 'material_prices', 'part_information', 'machines', 'supply_chain']
2024-01-03 01:51:15,501 - INFO - Subscribed to topics: ['material', 'material_prices', 'part_information', 'machines', 'supply_chain']
2024-01-03 01:51:15,501 - INFO - Starting to consume messages from ['material', 'material_prices', 'part_information', 'machines', 'supply_chain']
2024-01-03 01:51:15,503 - INFO - Group coordinator for g2 is BrokerMetadata(nodeId='coordinator-1001', host='kafka', port=9092, rack=None)
2024-01-03 01:51:15,503 - INFO - Discovered coordinator coordinator-1001 for group g2
2024-01-03 01:51:15,503 - INFO - Starting new heartbeat thread
2024-01-03 01:51:15,504 - INFO - Revoking previously assigned partitions set() for group g2
2024-01-03 01:51:15,504 - INFO - <BrokerConnection node_id=coordinator-1001 host=kafka:9092 <connecting> [IPv4 ('127.0.0.1', 9092)]>: connecting to kafka:9092 [('127.0.0.1', 9092) IPv4]
2024-01-03 01:51:15,505 - INFO - <BrokerConnection node_id=coordinator-1001 host=kafka:9092 <connecting> [IPv4 ('127.0.0.1', 9092)]>: Connection complete.
2024-01-03 01:51:15,505 - INFO - <BrokerConnection node_id=bootstrap-0 host=kafka:9092 <connected> [IPv4 ('127.0.0.1', 9092)]>: Closing connection. 
2024-01-03 01:51:15,606 - INFO - (Re-)joining group g2
2024-01-03 01:51:15,609 - INFO - Elected group leader -- performing partition assignments using range
2024-01-03 01:51:15,610 - INFO - <BrokerConnection node_id=1001 host=kafka:9092 <connecting> [IPv4 ('127.0.0.1', 9092)]>: connecting to kafka:9092 [('127.0.0.1', 9092) IPv4]
2024-01-03 01:51:15,610 - INFO - <BrokerConnection node_id=1001 host=kafka:9092 <connecting> [IPv4 ('127.0.0.1', 9092)]>: Connection complete.
2024-01-03 01:51:15,611 - INFO - Successfully joined group g2 with generation 13
2024-01-03 01:51:15,612 - INFO - Updated partition assignment: [TopicPartition(topic='machines', partition=0), TopicPartition(topic='material', partition=0), TopicPartition(topic='material_prices', partition=0), TopicPartition(topic='part_information', partition=0), TopicPartition(topic='supply_chain', partition=0)]
2024-01-03 01:51:15,612 - INFO - Setting newly assigned partitions {TopicPartition(topic='material', partition=0), TopicPartition(topic='supply_chain', partition=0), TopicPartition(topic='machines', partition=0), TopicPartition(topic='part_information', partition=0), TopicPartition(topic='material_prices', partition=0)} for group g2
2024-01-03 01:51:17,322 - DEBUG - Message received from supply_chain and from partition 0
2024-01-03 01:51:17,322 - INFO - Message received from supply_chain and from partition 0 at offset 2 : {'timeOfProduction': '2023-10-10T00:00:00.000Z', 'order': 5, 'var1': 0, 'var2': 'string', 'var3': 'string', 'var4': 0, 'var5': False, 'id': 'dc5f19b6-2961-4e61-bbf4-76749b7cfd29'}
2024-01-03 01:51:17,322 - INFO - Starting to ingest Kafka part information messages in the dedicated DWH table.
2024-01-03 01:51:17,339 - INFO - Successfully executed massive insert for table dim_unit with 1 records.
2024-01-03 01:51:23,368 - INFO - Closing the consumer for topic: ['material', 'material_prices', 'part_information', 'machines', 'supply_chain']
2024-01-03 01:51:23,371 - INFO - Stopping heartbeat thread
2024-01-03 01:51:23,371 - INFO - Leaving consumer group (g2).
2024-01-03 01:51:23,374 - INFO - <BrokerConnection node_id=coordinator-1001 host=kafka:9092 <connected> [IPv4 ('127.0.0.1', 9092)]>: Closing connection. 
2024-01-03 01:51:23,374 - INFO - <BrokerConnection node_id=1001 host=kafka:9092 <connected> [IPv4 ('127.0.0.1', 9092)]>: Closing connection. 
2024-01-03 01:52:35,507 - INFO - Connection to the data warehouse established successfully.
2024-01-03 01:52:35,517 - INFO - <BrokerConnection node_id=bootstrap-0 host=kafka:9092 <connecting> [IPv4 ('127.0.0.1', 9092)]>: connecting to kafka:9092 [('127.0.0.1', 9092) IPv4]
2024-01-03 01:52:35,518 - INFO - Probing node bootstrap-0 broker version
2024-01-03 01:52:35,519 - INFO - <BrokerConnection node_id=bootstrap-0 host=kafka:9092 <connecting> [IPv4 ('127.0.0.1', 9092)]>: Connection complete.
2024-01-03 01:52:35,625 - INFO - Broker version identified as 2.5.0
2024-01-03 01:52:35,625 - INFO - Set configuration api_version=(2, 5, 0) to skip auto check_version requests on startup
2024-01-03 01:52:35,627 - INFO - Updating subscribed topics to: ['material', 'material_prices', 'part_information', 'machines', 'supply_chain']
2024-01-03 01:52:35,627 - INFO - Subscribed to topics: ['material', 'material_prices', 'part_information', 'machines', 'supply_chain']
2024-01-03 01:52:35,627 - INFO - Starting to consume messages from ['material', 'material_prices', 'part_information', 'machines', 'supply_chain']
2024-01-03 01:52:35,629 - INFO - Group coordinator for g2 is BrokerMetadata(nodeId='coordinator-1001', host='kafka', port=9092, rack=None)
2024-01-03 01:52:35,629 - INFO - Discovered coordinator coordinator-1001 for group g2
2024-01-03 01:52:35,630 - INFO - Starting new heartbeat thread
2024-01-03 01:52:35,630 - INFO - Revoking previously assigned partitions set() for group g2
2024-01-03 01:52:35,630 - INFO - <BrokerConnection node_id=coordinator-1001 host=kafka:9092 <connecting> [IPv4 ('127.0.0.1', 9092)]>: connecting to kafka:9092 [('127.0.0.1', 9092) IPv4]
2024-01-03 01:52:35,651 - INFO - <BrokerConnection node_id=coordinator-1001 host=kafka:9092 <connecting> [IPv4 ('127.0.0.1', 9092)]>: Connection complete.
2024-01-03 01:52:35,651 - INFO - <BrokerConnection node_id=bootstrap-0 host=kafka:9092 <connected> [IPv4 ('127.0.0.1', 9092)]>: Closing connection. 
2024-01-03 01:52:35,760 - INFO - (Re-)joining group g2
2024-01-03 01:52:35,765 - INFO - <BrokerConnection node_id=bootstrap-0 host=kafka:9092 <connecting> [IPv4 ('127.0.0.1', 9092)]>: connecting to kafka:9092 [('127.0.0.1', 9092) IPv4]
2024-01-03 01:52:35,766 - INFO - <BrokerConnection node_id=bootstrap-0 host=kafka:9092 <connecting> [IPv4 ('127.0.0.1', 9092)]>: Connection complete.
2024-01-03 01:52:35,768 - INFO - Elected group leader -- performing partition assignments using range
2024-01-03 01:52:35,768 - WARNING - No partition metadata for topic machines
2024-01-03 01:52:35,768 - WARNING - No partition metadata for topic supply_chain
2024-01-03 01:52:35,768 - WARNING - No partition metadata for topic material
2024-01-03 01:52:35,768 - WARNING - No partition metadata for topic part_information
2024-01-03 01:52:35,768 - WARNING - No partition metadata for topic material_prices
2024-01-03 01:52:35,771 - INFO - Successfully joined group g2 with generation 15
2024-01-03 01:52:35,771 - INFO - Updated partition assignment: []
2024-01-03 01:52:35,771 - INFO - Setting newly assigned partitions set() for group g2
2024-01-03 01:52:35,772 - INFO - Revoking previously assigned partitions set() for group g2
2024-01-03 01:52:35,772 - INFO - (Re-)joining group g2
2024-01-03 01:52:35,774 - INFO - Elected group leader -- performing partition assignments using range
2024-01-03 01:52:35,776 - INFO - Successfully joined group g2 with generation 16
2024-01-03 01:52:35,776 - INFO - Updated partition assignment: [TopicPartition(topic='machines', partition=0), TopicPartition(topic='material', partition=0), TopicPartition(topic='material_prices', partition=0), TopicPartition(topic='part_information', partition=0), TopicPartition(topic='supply_chain', partition=0)]
2024-01-03 01:52:35,777 - INFO - Setting newly assigned partitions {TopicPartition(topic='machines', partition=0), TopicPartition(topic='material', partition=0), TopicPartition(topic='part_information', partition=0), TopicPartition(topic='supply_chain', partition=0), TopicPartition(topic='material_prices', partition=0)} for group g2
2024-01-03 01:52:35,780 - INFO - <BrokerConnection node_id=1001 host=kafka:9092 <connecting> [IPv4 ('127.0.0.1', 9092)]>: connecting to kafka:9092 [('127.0.0.1', 9092) IPv4]
2024-01-03 01:52:35,781 - INFO - <BrokerConnection node_id=1001 host=kafka:9092 <connecting> [IPv4 ('127.0.0.1', 9092)]>: Connection complete.
2024-01-03 01:52:35,781 - INFO - <BrokerConnection node_id=bootstrap-0 host=kafka:9092 <connected> [IPv4 ('127.0.0.1', 9092)]>: Closing connection. 
2024-01-03 01:52:39,016 - DEBUG - Message received from supply_chain and from partition 0
2024-01-03 01:52:39,016 - INFO - Message received from supply_chain and from partition 0 at offset 3 : {'timeOfProduction': '2023-10-10T00:00:00.000Z', 'order': 5, 'var1': 0, 'var2': 'string', 'var3': 'string', 'var4': 0, 'var5': False, 'id': '46be9e07-0fa2-4d83-8583-9c2f6cad5513'}
2024-01-03 01:52:39,016 - INFO - Starting to ingest Kafka part information messages in the dedicated DWH table.
2024-01-03 01:52:39,025 - INFO - Successfully executed massive insert for table dim_unit with 1 records.
2024-01-03 01:53:51,875 - INFO - Closing the consumer for topic: ['material', 'material_prices', 'part_information', 'machines', 'supply_chain']
2024-01-03 01:53:51,880 - INFO - Stopping heartbeat thread
2024-01-03 01:53:51,880 - INFO - Leaving consumer group (g2).
2024-01-03 01:53:51,884 - INFO - <BrokerConnection node_id=coordinator-1001 host=kafka:9092 <connected> [IPv4 ('127.0.0.1', 9092)]>: Closing connection. 
2024-01-03 01:53:51,885 - INFO - <BrokerConnection node_id=1001 host=kafka:9092 <connected> [IPv4 ('127.0.0.1', 9092)]>: Closing connection. 
2024-01-03 01:53:53,440 - INFO - Connection to the data warehouse established successfully.
2024-01-03 01:53:53,449 - INFO - <BrokerConnection node_id=bootstrap-0 host=kafka:9092 <connecting> [IPv4 ('127.0.0.1', 9092)]>: connecting to kafka:9092 [('127.0.0.1', 9092) IPv4]
2024-01-03 01:53:53,450 - INFO - Probing node bootstrap-0 broker version
2024-01-03 01:53:53,450 - INFO - <BrokerConnection node_id=bootstrap-0 host=kafka:9092 <connecting> [IPv4 ('127.0.0.1', 9092)]>: Connection complete.
2024-01-03 01:53:53,570 - INFO - Broker version identified as 2.5.0
2024-01-03 01:53:53,571 - INFO - Set configuration api_version=(2, 5, 0) to skip auto check_version requests on startup
2024-01-03 01:53:53,572 - INFO - Updating subscribed topics to: ['material', 'material_prices', 'part_information', 'machines', 'supply_chain']
2024-01-03 01:53:53,574 - INFO - Subscribed to topics: ['material', 'material_prices', 'part_information', 'machines', 'supply_chain']
2024-01-03 01:53:53,574 - INFO - Starting to consume messages from ['material', 'material_prices', 'part_information', 'machines', 'supply_chain']
2024-01-03 01:53:53,577 - INFO - Group coordinator for g2 is BrokerMetadata(nodeId='coordinator-1001', host='kafka', port=9092, rack=None)
2024-01-03 01:53:53,577 - INFO - Discovered coordinator coordinator-1001 for group g2
2024-01-03 01:53:53,578 - INFO - Starting new heartbeat thread
2024-01-03 01:53:53,578 - INFO - Revoking previously assigned partitions set() for group g2
2024-01-03 01:53:53,578 - INFO - <BrokerConnection node_id=coordinator-1001 host=kafka:9092 <connecting> [IPv4 ('127.0.0.1', 9092)]>: connecting to kafka:9092 [('127.0.0.1', 9092) IPv4]
2024-01-03 01:53:53,579 - INFO - <BrokerConnection node_id=coordinator-1001 host=kafka:9092 <connecting> [IPv4 ('127.0.0.1', 9092)]>: Connection complete.
2024-01-03 01:53:53,579 - INFO - <BrokerConnection node_id=bootstrap-0 host=kafka:9092 <connected> [IPv4 ('127.0.0.1', 9092)]>: Closing connection. 
2024-01-03 01:53:53,691 - INFO - (Re-)joining group g2
2024-01-03 01:53:53,692 - INFO - <BrokerConnection node_id=bootstrap-0 host=kafka:9092 <connecting> [IPv4 ('127.0.0.1', 9092)]>: connecting to kafka:9092 [('127.0.0.1', 9092) IPv4]
2024-01-03 01:53:53,694 - INFO - <BrokerConnection node_id=bootstrap-0 host=kafka:9092 <connecting> [IPv4 ('127.0.0.1', 9092)]>: Connection complete.
2024-01-03 01:53:53,696 - INFO - Elected group leader -- performing partition assignments using range
2024-01-03 01:53:53,696 - WARNING - No partition metadata for topic supply_chain
2024-01-03 01:53:53,696 - WARNING - No partition metadata for topic machines
2024-01-03 01:53:53,696 - WARNING - No partition metadata for topic part_information
2024-01-03 01:53:53,696 - WARNING - No partition metadata for topic material_prices
2024-01-03 01:53:53,696 - WARNING - No partition metadata for topic material
2024-01-03 01:53:53,701 - INFO - Successfully joined group g2 with generation 18
2024-01-03 01:53:53,701 - INFO - Updated partition assignment: []
2024-01-03 01:53:53,701 - INFO - Setting newly assigned partitions set() for group g2
2024-01-03 01:53:53,701 - INFO - Revoking previously assigned partitions set() for group g2
2024-01-03 01:53:53,702 - INFO - (Re-)joining group g2
2024-01-03 01:53:53,704 - INFO - Elected group leader -- performing partition assignments using range
2024-01-03 01:53:53,709 - INFO - Successfully joined group g2 with generation 19
2024-01-03 01:53:53,709 - INFO - Updated partition assignment: [TopicPartition(topic='machines', partition=0), TopicPartition(topic='material', partition=0), TopicPartition(topic='material_prices', partition=0), TopicPartition(topic='part_information', partition=0), TopicPartition(topic='supply_chain', partition=0)]
2024-01-03 01:53:53,710 - INFO - Setting newly assigned partitions {TopicPartition(topic='machines', partition=0), TopicPartition(topic='material', partition=0), TopicPartition(topic='supply_chain', partition=0), TopicPartition(topic='material_prices', partition=0), TopicPartition(topic='part_information', partition=0)} for group g2
2024-01-03 01:53:53,712 - INFO - <BrokerConnection node_id=1001 host=kafka:9092 <connecting> [IPv4 ('127.0.0.1', 9092)]>: connecting to kafka:9092 [('127.0.0.1', 9092) IPv4]
2024-01-03 01:53:53,713 - INFO - <BrokerConnection node_id=1001 host=kafka:9092 <connecting> [IPv4 ('127.0.0.1', 9092)]>: Connection complete.
2024-01-03 01:53:53,713 - INFO - <BrokerConnection node_id=bootstrap-0 host=kafka:9092 <connected> [IPv4 ('127.0.0.1', 9092)]>: Closing connection. 
2024-01-03 01:53:57,091 - DEBUG - Message received from supply_chain and from partition 0
2024-01-03 01:53:57,091 - INFO - Message received from supply_chain and from partition 0 at offset 4 : {'timeOfProduction': '2023-10-10T00:00:00.000Z', 'order': 5, 'var1': 0, 'var2': 'string', 'var3': 'string', 'var4': 0, 'var5': False, 'id': 'dbde6a6b-26a7-43ed-a2d0-bc0ec97fdc50'}
2024-01-03 01:53:57,091 - INFO - Starting to ingest Kafka part information messages in the dedicated DWH table.
2024-01-03 01:53:57,097 - INFO - Successfully executed massive insert for table dim_unit with 1 records.
2024-01-03 01:57:55,845 - INFO - Connection to the data warehouse established successfully.
2024-01-03 01:57:55,854 - INFO - <BrokerConnection node_id=bootstrap-0 host=kafka:9092 <connecting> [IPv4 ('127.0.0.1', 9092)]>: connecting to kafka:9092 [('127.0.0.1', 9092) IPv4]
2024-01-03 01:57:55,854 - INFO - Probing node bootstrap-0 broker version
2024-01-03 01:57:55,855 - INFO - <BrokerConnection node_id=bootstrap-0 host=kafka:9092 <connecting> [IPv4 ('127.0.0.1', 9092)]>: Connection complete.
2024-01-03 01:57:55,969 - INFO - Broker version identified as 2.5.0
2024-01-03 01:57:55,969 - INFO - Set configuration api_version=(2, 5, 0) to skip auto check_version requests on startup
2024-01-03 01:57:55,970 - INFO - Updating subscribed topics to: ['material', 'material_prices', 'part_information', 'machines', 'supply_chain']
2024-01-03 01:57:55,970 - INFO - Subscribed to topics: ['material', 'material_prices', 'part_information', 'machines', 'supply_chain']
2024-01-03 01:57:55,970 - INFO - Starting to consume messages from ['material', 'material_prices', 'part_information', 'machines', 'supply_chain']
2024-01-03 01:57:55,971 - INFO - Group coordinator for g2 is BrokerMetadata(nodeId='coordinator-1001', host='kafka', port=9092, rack=None)
2024-01-03 01:57:55,972 - INFO - Discovered coordinator coordinator-1001 for group g2
2024-01-03 01:57:55,972 - INFO - Starting new heartbeat thread
2024-01-03 01:57:55,973 - INFO - Revoking previously assigned partitions set() for group g2
2024-01-03 01:57:55,973 - INFO - <BrokerConnection node_id=coordinator-1001 host=kafka:9092 <connecting> [IPv4 ('127.0.0.1', 9092)]>: connecting to kafka:9092 [('127.0.0.1', 9092) IPv4]
2024-01-03 01:57:55,974 - INFO - <BrokerConnection node_id=coordinator-1001 host=kafka:9092 <connecting> [IPv4 ('127.0.0.1', 9092)]>: Connection complete.
2024-01-03 01:57:55,974 - INFO - <BrokerConnection node_id=bootstrap-0 host=kafka:9092 <connected> [IPv4 ('127.0.0.1', 9092)]>: Closing connection. 
2024-01-03 01:57:56,090 - INFO - (Re-)joining group g2
2024-01-03 01:58:01,083 - INFO - Elected group leader -- performing partition assignments using range
2024-01-03 01:58:01,086 - INFO - <BrokerConnection node_id=1001 host=kafka:9092 <connecting> [IPv4 ('127.0.0.1', 9092)]>: connecting to kafka:9092 [('127.0.0.1', 9092) IPv4]
2024-01-03 01:58:01,087 - INFO - <BrokerConnection node_id=1001 host=kafka:9092 <connecting> [IPv4 ('127.0.0.1', 9092)]>: Connection complete.
2024-01-03 01:58:01,087 - INFO - Successfully joined group g2 with generation 25
2024-01-03 01:58:01,088 - INFO - Updated partition assignment: [TopicPartition(topic='machines', partition=0), TopicPartition(topic='material', partition=0), TopicPartition(topic='material_prices', partition=0), TopicPartition(topic='part_information', partition=0), TopicPartition(topic='supply_chain', partition=0)]
2024-01-03 01:58:01,088 - INFO - Setting newly assigned partitions {TopicPartition(topic='material_prices', partition=0), TopicPartition(topic='machines', partition=0), TopicPartition(topic='part_information', partition=0), TopicPartition(topic='material', partition=0), TopicPartition(topic='supply_chain', partition=0)} for group g2
2024-01-03 01:58:01,198 - DEBUG - Message received from part_information and from partition 0
2024-01-03 01:58:01,199 - INFO - Message received from part_information and from partition 0 at offset 5 : {'defaultPrice': '14999.99', 'timeToProduce': 360, 'id': 17}
2024-01-03 01:58:01,199 - INFO - Starting to ingest Kafka supply chain messages in the dedicated DWH table.
2024-01-03 01:58:01,207 - INFO - Successfully executed massive insert for table dim_part_information with 1 records.
2024-01-03 01:58:01,207 - DEBUG - Message received from part_information and from partition 0
2024-01-03 01:58:01,207 - INFO - Message received from part_information and from partition 0 at offset 6 : {'defaultPrice': '14999.99', 'timeToProduce': 360, 'id': 18}
2024-01-03 01:58:01,207 - INFO - Starting to ingest Kafka supply chain messages in the dedicated DWH table.
2024-01-03 01:58:01,210 - INFO - Successfully executed massive insert for table dim_part_information with 1 records.
2024-01-03 01:58:01,210 - DEBUG - Message received from part_information and from partition 0
2024-01-03 01:58:01,210 - INFO - Message received from part_information and from partition 0 at offset 7 : {'defaultPrice': '14999.99', 'timeToProduce': 360, 'id': 19}
2024-01-03 01:58:01,210 - INFO - Starting to ingest Kafka supply chain messages in the dedicated DWH table.
2024-01-03 01:58:01,213 - INFO - Successfully executed massive insert for table dim_part_information with 1 records.
2024-01-03 01:58:01,213 - DEBUG - Message received from part_information and from partition 0
2024-01-03 01:58:01,213 - INFO - Message received from part_information and from partition 0 at offset 8 : {'defaultPrice': '14999.99', 'timeToProduce': 360, 'id': 20}
2024-01-03 01:58:01,214 - INFO - Starting to ingest Kafka supply chain messages in the dedicated DWH table.
2024-01-03 01:58:01,216 - INFO - Successfully executed massive insert for table dim_part_information with 1 records.
2024-01-03 01:58:01,216 - DEBUG - Message received from part_information and from partition 0
2024-01-03 01:58:01,216 - INFO - Message received from part_information and from partition 0 at offset 9 : {'defaultPrice': '14999.99', 'timeToProduce': 360, 'id': 21}
2024-01-03 01:58:01,216 - INFO - Starting to ingest Kafka supply chain messages in the dedicated DWH table.
2024-01-03 01:58:01,218 - INFO - Successfully executed massive insert for table dim_part_information with 1 records.
2024-01-03 01:58:01,219 - DEBUG - Message received from part_information and from partition 0
2024-01-03 01:58:01,219 - INFO - Message received from part_information and from partition 0 at offset 10 : {'defaultPrice': '14999.99', 'timeToProduce': 360, 'id': 22}
2024-01-03 01:58:01,219 - INFO - Starting to ingest Kafka supply chain messages in the dedicated DWH table.
2024-01-03 01:58:01,222 - INFO - Successfully executed massive insert for table dim_part_information with 1 records.
2024-01-03 01:58:01,222 - DEBUG - Message received from supply_chain and from partition 0
2024-01-03 01:58:01,222 - INFO - Message received from supply_chain and from partition 0 at offset 4 : {'timeOfProduction': '2023-10-10T00:00:00.000Z', 'order': 5, 'var1': 0, 'var2': 'string', 'var3': 'string', 'var4': 0, 'var5': False, 'id': 'dbde6a6b-26a7-43ed-a2d0-bc0ec97fdc50'}
2024-01-03 01:58:01,222 - INFO - Starting to ingest Kafka part information messages in the dedicated DWH table.
2024-01-03 01:58:01,224 - INFO - Successfully executed massive insert for table dim_unit with 1 records.
2024-01-03 01:58:45,081 - INFO - <BrokerConnection node_id=1001 host=kafka:9092 <connected> [IPv4 ('127.0.0.1', 9092)]>: Closing connection. KafkaConnectionError: Socket EVENT_READ without in-flight-requests
2024-01-03 01:58:45,081 - WARNING - Node 1001 connection failed -- refreshing metadata
2024-01-03 01:58:45,081 - INFO - <BrokerConnection node_id=coordinator-1001 host=kafka:9092 <connected> [IPv4 ('127.0.0.1', 9092)]>: Closing connection. KafkaConnectionError: Socket EVENT_READ without in-flight-requests
2024-01-03 01:58:45,083 - WARNING - Node coordinator-1001 connection failed -- refreshing metadata
2024-01-03 01:58:45,083 - WARNING - Marking the coordinator dead (node coordinator-1001) for group g2: Node Disconnected.
2024-01-03 01:58:45,189 - INFO - <BrokerConnection node_id=1001 host=kafka:9092 <connecting> [IPv4 ('127.0.0.1', 9092)]>: connecting to kafka:9092 [('127.0.0.1', 9092) IPv4]
2024-01-03 01:58:45,190 - INFO - <BrokerConnection node_id=1001 host=kafka:9092 <connecting> [IPv4 ('127.0.0.1', 9092)]>: Connection complete.
2024-01-03 01:58:45,298 - ERROR - <BrokerConnection node_id=1001 host=kafka:9092 <connected> [IPv4 ('127.0.0.1', 9092)]>: socket disconnected
2024-01-03 01:58:45,299 - INFO - <BrokerConnection node_id=1001 host=kafka:9092 <connected> [IPv4 ('127.0.0.1', 9092)]>: Closing connection. KafkaConnectionError: socket disconnected
2024-01-03 01:58:45,299 - WARNING - Node 1001 connection failed -- refreshing metadata
2024-01-03 01:58:45,299 - ERROR - Error sending GroupCoordinatorRequest_v0 to node 1001 [KafkaConnectionError: socket disconnected]
2024-01-03 01:58:45,406 - INFO - <BrokerConnection node_id=1001 host=kafka:9092 <connecting> [IPv4 ('127.0.0.1', 9092)]>: connecting to kafka:9092 [('127.0.0.1', 9092) IPv4]
2024-01-03 01:58:45,407 - INFO - <BrokerConnection node_id=1001 host=kafka:9092 <connecting> [IPv4 ('127.0.0.1', 9092)]>: Connection complete.
2024-01-03 01:58:45,517 - ERROR - <BrokerConnection node_id=1001 host=kafka:9092 <connected> [IPv4 ('127.0.0.1', 9092)]>: socket disconnected
2024-01-03 01:58:45,518 - INFO - <BrokerConnection node_id=1001 host=kafka:9092 <connected> [IPv4 ('127.0.0.1', 9092)]>: Closing connection. KafkaConnectionError: socket disconnected
2024-01-03 01:58:45,518 - WARNING - Node 1001 connection failed -- refreshing metadata
2024-01-03 01:58:45,518 - ERROR - Error sending GroupCoordinatorRequest_v0 to node 1001 [KafkaConnectionError: socket disconnected]
2024-01-03 01:58:45,626 - INFO - <BrokerConnection node_id=1001 host=kafka:9092 <connecting> [IPv4 ('127.0.0.1', 9092)]>: connecting to kafka:9092 [('127.0.0.1', 9092) IPv4]
2024-01-03 01:58:45,626 - INFO - <BrokerConnection node_id=1001 host=kafka:9092 <connecting> [IPv4 ('127.0.0.1', 9092)]>: Connection complete.
2024-01-03 01:58:45,733 - ERROR - <BrokerConnection node_id=1001 host=kafka:9092 <connected> [IPv4 ('127.0.0.1', 9092)]>: socket disconnected
2024-01-03 01:58:45,733 - INFO - <BrokerConnection node_id=1001 host=kafka:9092 <connected> [IPv4 ('127.0.0.1', 9092)]>: Closing connection. KafkaConnectionError: socket disconnected
2024-01-03 01:58:45,734 - WARNING - Node 1001 connection failed -- refreshing metadata
2024-01-03 01:58:45,734 - ERROR - Error sending GroupCoordinatorRequest_v0 to node 1001 [KafkaConnectionError: socket disconnected]
2024-01-03 01:58:45,840 - INFO - <BrokerConnection node_id=1001 host=kafka:9092 <connecting> [IPv4 ('127.0.0.1', 9092)]>: connecting to kafka:9092 [('127.0.0.1', 9092) IPv4]
2024-01-03 01:58:45,841 - INFO - <BrokerConnection node_id=1001 host=kafka:9092 <connecting> [IPv4 ('127.0.0.1', 9092)]>: Connection complete.
2024-01-03 01:58:45,949 - ERROR - <BrokerConnection node_id=1001 host=kafka:9092 <connected> [IPv4 ('127.0.0.1', 9092)]>: socket disconnected
2024-01-03 01:58:45,949 - INFO - <BrokerConnection node_id=1001 host=kafka:9092 <connected> [IPv4 ('127.0.0.1', 9092)]>: Closing connection. KafkaConnectionError: socket disconnected
2024-01-03 01:58:45,949 - WARNING - Node 1001 connection failed -- refreshing metadata
2024-01-03 01:58:45,949 - ERROR - Error sending GroupCoordinatorRequest_v0 to node 1001 [KafkaConnectionError: socket disconnected]
2024-01-03 01:58:46,057 - INFO - <BrokerConnection node_id=1001 host=kafka:9092 <connecting> [IPv4 ('127.0.0.1', 9092)]>: connecting to kafka:9092 [('127.0.0.1', 9092) IPv4]
2024-01-03 01:58:46,058 - INFO - <BrokerConnection node_id=1001 host=kafka:9092 <connecting> [IPv4 ('127.0.0.1', 9092)]>: Connection complete.
2024-01-03 01:58:46,179 - ERROR - <BrokerConnection node_id=1001 host=kafka:9092 <connected> [IPv4 ('127.0.0.1', 9092)]>: socket disconnected
2024-01-03 01:58:46,180 - INFO - <BrokerConnection node_id=1001 host=kafka:9092 <connected> [IPv4 ('127.0.0.1', 9092)]>: Closing connection. KafkaConnectionError: socket disconnected
2024-01-03 01:58:46,180 - WARNING - Node 1001 connection failed -- refreshing metadata
2024-01-03 01:58:46,180 - ERROR - Error sending GroupCoordinatorRequest_v0 to node 1001 [KafkaConnectionError: socket disconnected]
2024-01-03 01:58:46,302 - INFO - <BrokerConnection node_id=1001 host=kafka:9092 <connecting> [IPv4 ('127.0.0.1', 9092)]>: connecting to kafka:9092 [('127.0.0.1', 9092) IPv4]
2024-01-03 01:58:46,302 - INFO - <BrokerConnection node_id=1001 host=kafka:9092 <connecting> [IPv4 ('127.0.0.1', 9092)]>: Connection complete.
2024-01-03 01:58:46,410 - ERROR - <BrokerConnection node_id=1001 host=kafka:9092 <connected> [IPv4 ('127.0.0.1', 9092)]>: socket disconnected
2024-01-03 01:58:46,411 - INFO - <BrokerConnection node_id=1001 host=kafka:9092 <connected> [IPv4 ('127.0.0.1', 9092)]>: Closing connection. KafkaConnectionError: socket disconnected
2024-01-03 01:58:46,411 - WARNING - Node 1001 connection failed -- refreshing metadata
2024-01-03 01:58:46,411 - ERROR - Error sending GroupCoordinatorRequest_v0 to node 1001 [KafkaConnectionError: socket disconnected]
2024-01-03 01:58:46,520 - INFO - <BrokerConnection node_id=1001 host=kafka:9092 <connecting> [IPv4 ('127.0.0.1', 9092)]>: connecting to kafka:9092 [('127.0.0.1', 9092) IPv4]
2024-01-03 01:58:46,521 - INFO - <BrokerConnection node_id=1001 host=kafka:9092 <connecting> [IPv4 ('127.0.0.1', 9092)]>: Connection complete.
2024-01-03 01:58:46,630 - ERROR - <BrokerConnection node_id=1001 host=kafka:9092 <connected> [IPv4 ('127.0.0.1', 9092)]>: socket disconnected
2024-01-03 01:58:46,630 - INFO - <BrokerConnection node_id=1001 host=kafka:9092 <connected> [IPv4 ('127.0.0.1', 9092)]>: Closing connection. KafkaConnectionError: socket disconnected
2024-01-03 01:58:46,631 - WARNING - Node 1001 connection failed -- refreshing metadata
2024-01-03 01:58:46,631 - ERROR - Error sending GroupCoordinatorRequest_v0 to node 1001 [KafkaConnectionError: socket disconnected]
2024-01-03 01:58:46,740 - INFO - <BrokerConnection node_id=1001 host=kafka:9092 <connecting> [IPv4 ('127.0.0.1', 9092)]>: connecting to kafka:9092 [('127.0.0.1', 9092) IPv4]
2024-01-03 01:58:46,740 - INFO - <BrokerConnection node_id=1001 host=kafka:9092 <connecting> [IPv4 ('127.0.0.1', 9092)]>: Connection complete.
2024-01-03 01:58:46,849 - ERROR - <BrokerConnection node_id=1001 host=kafka:9092 <connected> [IPv4 ('127.0.0.1', 9092)]>: socket disconnected
2024-01-03 01:58:46,849 - INFO - <BrokerConnection node_id=1001 host=kafka:9092 <connected> [IPv4 ('127.0.0.1', 9092)]>: Closing connection. KafkaConnectionError: socket disconnected
2024-01-03 01:58:46,850 - WARNING - Node 1001 connection failed -- refreshing metadata
2024-01-03 01:58:46,850 - ERROR - Error sending GroupCoordinatorRequest_v0 to node 1001 [KafkaConnectionError: socket disconnected]
2024-01-03 01:58:46,957 - INFO - <BrokerConnection node_id=1001 host=kafka:9092 <connecting> [IPv4 ('127.0.0.1', 9092)]>: connecting to kafka:9092 [('127.0.0.1', 9092) IPv4]
2024-01-03 01:58:46,958 - INFO - <BrokerConnection node_id=1001 host=kafka:9092 <connecting> [IPv4 ('127.0.0.1', 9092)]>: Connection complete.
2024-01-03 01:58:47,065 - ERROR - <BrokerConnection node_id=1001 host=kafka:9092 <connected> [IPv4 ('127.0.0.1', 9092)]>: socket disconnected
2024-01-03 01:58:47,065 - INFO - <BrokerConnection node_id=1001 host=kafka:9092 <connected> [IPv4 ('127.0.0.1', 9092)]>: Closing connection. KafkaConnectionError: socket disconnected
2024-01-03 01:58:47,066 - WARNING - Node 1001 connection failed -- refreshing metadata
2024-01-03 01:58:47,066 - ERROR - Error sending GroupCoordinatorRequest_v0 to node 1001 [KafkaConnectionError: socket disconnected]
2024-01-03 01:58:47,173 - INFO - <BrokerConnection node_id=1001 host=kafka:9092 <connecting> [IPv4 ('127.0.0.1', 9092)]>: connecting to kafka:9092 [('127.0.0.1', 9092) IPv4]
2024-01-03 01:58:47,174 - INFO - <BrokerConnection node_id=1001 host=kafka:9092 <connecting> [IPv4 ('127.0.0.1', 9092)]>: Connection complete.
2024-01-03 01:58:47,283 - ERROR - <BrokerConnection node_id=1001 host=kafka:9092 <connected> [IPv4 ('127.0.0.1', 9092)]>: socket disconnected
2024-01-03 01:58:47,283 - INFO - <BrokerConnection node_id=1001 host=kafka:9092 <connected> [IPv4 ('127.0.0.1', 9092)]>: Closing connection. KafkaConnectionError: socket disconnected
2024-01-03 01:58:47,284 - WARNING - Node 1001 connection failed -- refreshing metadata
2024-01-03 01:58:47,285 - ERROR - Error sending GroupCoordinatorRequest_v0 to node 1001 [KafkaConnectionError: socket disconnected]
2024-01-03 01:58:47,394 - INFO - <BrokerConnection node_id=1001 host=kafka:9092 <connecting> [IPv4 ('127.0.0.1', 9092)]>: connecting to kafka:9092 [('127.0.0.1', 9092) IPv4]
2024-01-03 01:58:47,396 - INFO - <BrokerConnection node_id=1001 host=kafka:9092 <connecting> [IPv4 ('127.0.0.1', 9092)]>: Connection complete.
2024-01-03 01:58:47,501 - ERROR - <BrokerConnection node_id=1001 host=kafka:9092 <connected> [IPv4 ('127.0.0.1', 9092)]>: socket disconnected
2024-01-03 01:58:47,502 - INFO - <BrokerConnection node_id=1001 host=kafka:9092 <connected> [IPv4 ('127.0.0.1', 9092)]>: Closing connection. KafkaConnectionError: socket disconnected
2024-01-03 01:58:47,502 - WARNING - Node 1001 connection failed -- refreshing metadata
2024-01-03 01:58:47,502 - ERROR - Error sending GroupCoordinatorRequest_v0 to node 1001 [KafkaConnectionError: socket disconnected]
2024-01-03 01:58:47,609 - INFO - <BrokerConnection node_id=1001 host=kafka:9092 <connecting> [IPv4 ('127.0.0.1', 9092)]>: connecting to kafka:9092 [('127.0.0.1', 9092) IPv4]
2024-01-03 01:58:47,610 - INFO - <BrokerConnection node_id=1001 host=kafka:9092 <connecting> [IPv4 ('127.0.0.1', 9092)]>: Connection complete.
2024-01-03 01:58:47,716 - ERROR - <BrokerConnection node_id=1001 host=kafka:9092 <connected> [IPv4 ('127.0.0.1', 9092)]>: socket disconnected
2024-01-03 01:58:47,717 - INFO - <BrokerConnection node_id=1001 host=kafka:9092 <connected> [IPv4 ('127.0.0.1', 9092)]>: Closing connection. KafkaConnectionError: socket disconnected
2024-01-03 01:58:47,717 - WARNING - Node 1001 connection failed -- refreshing metadata
2024-01-03 01:58:47,717 - ERROR - Error sending GroupCoordinatorRequest_v0 to node 1001 [KafkaConnectionError: socket disconnected]
2024-01-03 01:58:47,824 - INFO - <BrokerConnection node_id=1001 host=kafka:9092 <connecting> [IPv4 ('127.0.0.1', 9092)]>: connecting to kafka:9092 [('127.0.0.1', 9092) IPv4]
2024-01-03 01:58:47,825 - INFO - <BrokerConnection node_id=1001 host=kafka:9092 <connecting> [IPv4 ('127.0.0.1', 9092)]>: Connection complete.
2024-01-03 01:58:47,933 - ERROR - <BrokerConnection node_id=1001 host=kafka:9092 <connected> [IPv4 ('127.0.0.1', 9092)]>: socket disconnected
2024-01-03 01:58:47,933 - INFO - <BrokerConnection node_id=1001 host=kafka:9092 <connected> [IPv4 ('127.0.0.1', 9092)]>: Closing connection. KafkaConnectionError: socket disconnected
2024-01-03 01:58:47,934 - WARNING - Node 1001 connection failed -- refreshing metadata
2024-01-03 01:58:47,935 - ERROR - Error sending GroupCoordinatorRequest_v0 to node 1001 [KafkaConnectionError: socket disconnected]
2024-01-03 01:58:48,041 - INFO - <BrokerConnection node_id=1001 host=kafka:9092 <connecting> [IPv4 ('127.0.0.1', 9092)]>: connecting to kafka:9092 [('127.0.0.1', 9092) IPv4]
2024-01-03 01:58:48,041 - INFO - <BrokerConnection node_id=1001 host=kafka:9092 <connecting> [IPv4 ('127.0.0.1', 9092)]>: Connection complete.
2024-01-03 01:58:48,164 - ERROR - <BrokerConnection node_id=1001 host=kafka:9092 <connected> [IPv4 ('127.0.0.1', 9092)]>: socket disconnected
2024-01-03 01:58:48,164 - INFO - <BrokerConnection node_id=1001 host=kafka:9092 <connected> [IPv4 ('127.0.0.1', 9092)]>: Closing connection. KafkaConnectionError: socket disconnected
2024-01-03 01:58:48,165 - WARNING - Node 1001 connection failed -- refreshing metadata
2024-01-03 01:58:48,165 - ERROR - Error sending GroupCoordinatorRequest_v0 to node 1001 [KafkaConnectionError: socket disconnected]
2024-01-03 01:58:48,274 - INFO - <BrokerConnection node_id=1001 host=kafka:9092 <connecting> [IPv4 ('127.0.0.1', 9092)]>: connecting to kafka:9092 [('127.0.0.1', 9092) IPv4]
2024-01-03 01:58:48,275 - INFO - <BrokerConnection node_id=1001 host=kafka:9092 <connecting> [IPv4 ('127.0.0.1', 9092)]>: Connection complete.
2024-01-03 01:58:48,383 - ERROR - <BrokerConnection node_id=1001 host=kafka:9092 <connected> [IPv4 ('127.0.0.1', 9092)]>: socket disconnected
2024-01-03 01:58:48,383 - INFO - <BrokerConnection node_id=1001 host=kafka:9092 <connected> [IPv4 ('127.0.0.1', 9092)]>: Closing connection. KafkaConnectionError: socket disconnected
2024-01-03 01:58:48,384 - WARNING - Node 1001 connection failed -- refreshing metadata
2024-01-03 01:58:48,384 - ERROR - Error sending GroupCoordinatorRequest_v0 to node 1001 [KafkaConnectionError: socket disconnected]
2024-01-03 01:58:48,493 - INFO - <BrokerConnection node_id=1001 host=kafka:9092 <connecting> [IPv4 ('127.0.0.1', 9092)]>: connecting to kafka:9092 [('127.0.0.1', 9092) IPv4]
2024-01-03 01:58:48,494 - INFO - <BrokerConnection node_id=1001 host=kafka:9092 <connecting> [IPv4 ('127.0.0.1', 9092)]>: Connection complete.
2024-01-03 01:58:48,615 - ERROR - <BrokerConnection node_id=1001 host=kafka:9092 <connected> [IPv4 ('127.0.0.1', 9092)]>: socket disconnected
2024-01-03 01:58:48,615 - INFO - <BrokerConnection node_id=1001 host=kafka:9092 <connected> [IPv4 ('127.0.0.1', 9092)]>: Closing connection. KafkaConnectionError: socket disconnected
2024-01-03 01:58:48,616 - WARNING - Node 1001 connection failed -- refreshing metadata
2024-01-03 01:58:48,616 - ERROR - Error sending GroupCoordinatorRequest_v0 to node 1001 [KafkaConnectionError: socket disconnected]
2024-01-03 01:58:48,724 - INFO - <BrokerConnection node_id=1001 host=kafka:9092 <connecting> [IPv4 ('127.0.0.1', 9092)]>: connecting to kafka:9092 [('127.0.0.1', 9092) IPv4]
2024-01-03 01:58:48,725 - INFO - <BrokerConnection node_id=1001 host=kafka:9092 <connecting> [IPv4 ('127.0.0.1', 9092)]>: Connection complete.
2024-01-03 01:58:48,831 - ERROR - <BrokerConnection node_id=1001 host=kafka:9092 <connected> [IPv4 ('127.0.0.1', 9092)]>: socket disconnected
2024-01-03 01:58:48,831 - INFO - <BrokerConnection node_id=1001 host=kafka:9092 <connected> [IPv4 ('127.0.0.1', 9092)]>: Closing connection. KafkaConnectionError: socket disconnected
2024-01-03 01:58:48,832 - WARNING - Node 1001 connection failed -- refreshing metadata
2024-01-03 01:58:48,832 - ERROR - Error sending GroupCoordinatorRequest_v0 to node 1001 [KafkaConnectionError: socket disconnected]
2024-01-03 01:58:48,941 - INFO - <BrokerConnection node_id=1001 host=kafka:9092 <connecting> [IPv4 ('127.0.0.1', 9092)]>: connecting to kafka:9092 [('127.0.0.1', 9092) IPv4]
2024-01-03 01:58:48,941 - INFO - <BrokerConnection node_id=1001 host=kafka:9092 <connecting> [IPv4 ('127.0.0.1', 9092)]>: Connection complete.
2024-01-03 01:58:49,048 - ERROR - <BrokerConnection node_id=1001 host=kafka:9092 <connected> [IPv4 ('127.0.0.1', 9092)]>: socket disconnected
2024-01-03 01:58:49,049 - INFO - <BrokerConnection node_id=1001 host=kafka:9092 <connected> [IPv4 ('127.0.0.1', 9092)]>: Closing connection. KafkaConnectionError: socket disconnected
2024-01-03 01:58:49,049 - WARNING - Node 1001 connection failed -- refreshing metadata
2024-01-03 01:58:49,049 - ERROR - Error sending GroupCoordinatorRequest_v0 to node 1001 [KafkaConnectionError: socket disconnected]
2024-01-03 01:58:49,156 - INFO - <BrokerConnection node_id=1001 host=kafka:9092 <connecting> [IPv4 ('127.0.0.1', 9092)]>: connecting to kafka:9092 [('127.0.0.1', 9092) IPv4]
2024-01-03 01:58:49,157 - INFO - <BrokerConnection node_id=1001 host=kafka:9092 <connecting> [IPv4 ('127.0.0.1', 9092)]>: Connection complete.
2024-01-03 01:58:49,265 - ERROR - <BrokerConnection node_id=1001 host=kafka:9092 <connected> [IPv4 ('127.0.0.1', 9092)]>: socket disconnected
2024-01-03 01:58:49,265 - INFO - <BrokerConnection node_id=1001 host=kafka:9092 <connected> [IPv4 ('127.0.0.1', 9092)]>: Closing connection. KafkaConnectionError: socket disconnected
2024-01-03 01:58:49,266 - WARNING - Node 1001 connection failed -- refreshing metadata
2024-01-03 01:58:49,266 - ERROR - Error sending GroupCoordinatorRequest_v0 to node 1001 [KafkaConnectionError: socket disconnected]
2024-01-03 01:58:49,373 - INFO - <BrokerConnection node_id=1001 host=kafka:9092 <connecting> [IPv4 ('127.0.0.1', 9092)]>: connecting to kafka:9092 [('127.0.0.1', 9092) IPv4]
2024-01-03 01:58:49,374 - INFO - <BrokerConnection node_id=1001 host=kafka:9092 <connecting> [IPv4 ('127.0.0.1', 9092)]>: Connection complete.
2024-01-03 01:58:49,482 - ERROR - <BrokerConnection node_id=1001 host=kafka:9092 <connected> [IPv4 ('127.0.0.1', 9092)]>: socket disconnected
2024-01-03 01:58:49,482 - INFO - <BrokerConnection node_id=1001 host=kafka:9092 <connected> [IPv4 ('127.0.0.1', 9092)]>: Closing connection. KafkaConnectionError: socket disconnected
2024-01-03 01:58:49,482 - WARNING - Node 1001 connection failed -- refreshing metadata
2024-01-03 01:58:49,482 - ERROR - Error sending GroupCoordinatorRequest_v0 to node 1001 [KafkaConnectionError: socket disconnected]
2024-01-03 01:58:49,591 - INFO - <BrokerConnection node_id=1001 host=kafka:9092 <connecting> [IPv4 ('127.0.0.1', 9092)]>: connecting to kafka:9092 [('127.0.0.1', 9092) IPv4]
2024-01-03 01:58:49,592 - INFO - <BrokerConnection node_id=1001 host=kafka:9092 <connecting> [IPv4 ('127.0.0.1', 9092)]>: Connection complete.
2024-01-03 01:58:49,700 - ERROR - <BrokerConnection node_id=1001 host=kafka:9092 <connected> [IPv4 ('127.0.0.1', 9092)]>: socket disconnected
2024-01-03 01:58:49,700 - INFO - <BrokerConnection node_id=1001 host=kafka:9092 <connected> [IPv4 ('127.0.0.1', 9092)]>: Closing connection. KafkaConnectionError: socket disconnected
2024-01-03 01:58:49,701 - WARNING - Node 1001 connection failed -- refreshing metadata
2024-01-03 01:58:49,702 - ERROR - Error sending GroupCoordinatorRequest_v0 to node 1001 [KafkaConnectionError: socket disconnected]
2024-01-03 01:58:49,808 - INFO - <BrokerConnection node_id=1001 host=kafka:9092 <connecting> [IPv4 ('127.0.0.1', 9092)]>: connecting to kafka:9092 [('127.0.0.1', 9092) IPv4]
2024-01-03 01:58:49,809 - INFO - <BrokerConnection node_id=1001 host=kafka:9092 <connecting> [IPv4 ('127.0.0.1', 9092)]>: Connection complete.
2024-01-03 01:58:49,917 - ERROR - <BrokerConnection node_id=1001 host=kafka:9092 <connected> [IPv4 ('127.0.0.1', 9092)]>: socket disconnected
2024-01-03 01:58:49,917 - INFO - <BrokerConnection node_id=1001 host=kafka:9092 <connected> [IPv4 ('127.0.0.1', 9092)]>: Closing connection. KafkaConnectionError: socket disconnected
2024-01-03 01:58:49,918 - WARNING - Node 1001 connection failed -- refreshing metadata
2024-01-03 01:58:49,918 - ERROR - Error sending GroupCoordinatorRequest_v0 to node 1001 [KafkaConnectionError: socket disconnected]
2024-01-03 01:58:50,027 - INFO - <BrokerConnection node_id=1001 host=kafka:9092 <connecting> [IPv4 ('127.0.0.1', 9092)]>: connecting to kafka:9092 [('127.0.0.1', 9092) IPv4]
2024-01-03 01:58:50,028 - INFO - <BrokerConnection node_id=1001 host=kafka:9092 <connecting> [IPv4 ('127.0.0.1', 9092)]>: Connection complete.
2024-01-03 01:58:50,137 - ERROR - <BrokerConnection node_id=1001 host=kafka:9092 <connected> [IPv4 ('127.0.0.1', 9092)]>: socket disconnected
2024-01-03 01:58:50,137 - INFO - <BrokerConnection node_id=1001 host=kafka:9092 <connected> [IPv4 ('127.0.0.1', 9092)]>: Closing connection. KafkaConnectionError: socket disconnected
2024-01-03 01:58:50,137 - WARNING - Node 1001 connection failed -- refreshing metadata
2024-01-03 01:58:50,137 - ERROR - Error sending GroupCoordinatorRequest_v0 to node 1001 [KafkaConnectionError: socket disconnected]
2024-01-03 01:58:50,247 - INFO - <BrokerConnection node_id=1001 host=kafka:9092 <connecting> [IPv4 ('127.0.0.1', 9092)]>: connecting to kafka:9092 [('127.0.0.1', 9092) IPv4]
2024-01-03 01:58:50,247 - INFO - <BrokerConnection node_id=1001 host=kafka:9092 <connecting> [IPv4 ('127.0.0.1', 9092)]>: Connection complete.
2024-01-03 01:58:50,354 - ERROR - <BrokerConnection node_id=1001 host=kafka:9092 <connected> [IPv4 ('127.0.0.1', 9092)]>: socket disconnected
2024-01-03 01:58:50,354 - INFO - <BrokerConnection node_id=1001 host=kafka:9092 <connected> [IPv4 ('127.0.0.1', 9092)]>: Closing connection. KafkaConnectionError: socket disconnected
2024-01-03 01:58:50,355 - WARNING - Node 1001 connection failed -- refreshing metadata
2024-01-03 01:58:50,355 - ERROR - Error sending GroupCoordinatorRequest_v0 to node 1001 [KafkaConnectionError: socket disconnected]
2024-01-03 01:58:50,464 - INFO - <BrokerConnection node_id=1001 host=kafka:9092 <connecting> [IPv4 ('127.0.0.1', 9092)]>: connecting to kafka:9092 [('127.0.0.1', 9092) IPv4]
2024-01-03 01:58:50,465 - INFO - <BrokerConnection node_id=1001 host=kafka:9092 <connecting> [IPv4 ('127.0.0.1', 9092)]>: Connection complete.
2024-01-03 01:58:50,572 - ERROR - <BrokerConnection node_id=1001 host=kafka:9092 <connected> [IPv4 ('127.0.0.1', 9092)]>: socket disconnected
2024-01-03 01:58:50,572 - INFO - <BrokerConnection node_id=1001 host=kafka:9092 <connected> [IPv4 ('127.0.0.1', 9092)]>: Closing connection. KafkaConnectionError: socket disconnected
2024-01-03 01:58:50,573 - WARNING - Node 1001 connection failed -- refreshing metadata
2024-01-03 01:58:50,573 - ERROR - Error sending GroupCoordinatorRequest_v0 to node 1001 [KafkaConnectionError: socket disconnected]
2024-01-03 01:58:50,681 - INFO - <BrokerConnection node_id=1001 host=kafka:9092 <connecting> [IPv4 ('127.0.0.1', 9092)]>: connecting to kafka:9092 [('127.0.0.1', 9092) IPv4]
2024-01-03 01:58:50,682 - INFO - <BrokerConnection node_id=1001 host=kafka:9092 <connecting> [IPv4 ('127.0.0.1', 9092)]>: Connection complete.
2024-01-03 01:58:50,790 - ERROR - <BrokerConnection node_id=1001 host=kafka:9092 <connected> [IPv4 ('127.0.0.1', 9092)]>: socket disconnected
2024-01-03 01:58:50,791 - INFO - <BrokerConnection node_id=1001 host=kafka:9092 <connected> [IPv4 ('127.0.0.1', 9092)]>: Closing connection. KafkaConnectionError: socket disconnected
2024-01-03 01:58:50,791 - WARNING - Node 1001 connection failed -- refreshing metadata
2024-01-03 01:58:50,791 - ERROR - Error sending GroupCoordinatorRequest_v0 to node 1001 [KafkaConnectionError: socket disconnected]
2024-01-03 01:58:50,914 - INFO - <BrokerConnection node_id=1001 host=kafka:9092 <connecting> [IPv4 ('127.0.0.1', 9092)]>: connecting to kafka:9092 [('127.0.0.1', 9092) IPv4]
2024-01-03 01:58:50,915 - INFO - <BrokerConnection node_id=1001 host=kafka:9092 <connecting> [IPv4 ('127.0.0.1', 9092)]>: Connection complete.
2024-01-03 01:58:51,036 - ERROR - <BrokerConnection node_id=1001 host=kafka:9092 <connected> [IPv4 ('127.0.0.1', 9092)]>: socket disconnected
2024-01-03 01:58:51,037 - INFO - <BrokerConnection node_id=1001 host=kafka:9092 <connected> [IPv4 ('127.0.0.1', 9092)]>: Closing connection. KafkaConnectionError: socket disconnected
2024-01-03 01:58:51,037 - WARNING - Node 1001 connection failed -- refreshing metadata
2024-01-03 01:58:51,037 - ERROR - Error sending GroupCoordinatorRequest_v0 to node 1001 [KafkaConnectionError: socket disconnected]
2024-01-03 01:58:51,145 - INFO - <BrokerConnection node_id=1001 host=kafka:9092 <connecting> [IPv4 ('127.0.0.1', 9092)]>: connecting to kafka:9092 [('127.0.0.1', 9092) IPv4]
2024-01-03 01:59:00,023 - INFO - Connection to the data warehouse established successfully.
2024-01-03 01:59:00,033 - INFO - <BrokerConnection node_id=bootstrap-0 host=kafka:9092 <connecting> [IPv4 ('127.0.0.1', 9092)]>: connecting to kafka:9092 [('127.0.0.1', 9092) IPv4]
2024-01-03 01:59:00,033 - INFO - Probing node bootstrap-0 broker version
