2024-01-13 16:22:18,582 - root - INFO - Connecting to Azure Blob Storage...
2024-01-13 16:22:18,583 - root - INFO - Creating blob client for container: namkincontainerfiles, blob: nom_du_blob...
2024-01-13 16:22:18,583 - root - INFO - Uploading file '../../../data/material-data.xlsx' to Azure Blob Storage...
2024-01-13 16:22:18,603 - azure.core.pipeline.policies.http_logging_policy - INFO - Request URL: 'https://namkinstorage20240113.blob.core.windows.net/namkincontainerfiles/nom_du_blob'
Request method: 'PUT'
Request headers:
    'Content-Length': '5411'
    'x-ms-blob-type': 'REDACTED'
    'If-None-Match': '*'
    'x-ms-version': 'REDACTED'
    'Content-Type': 'application/octet-stream'
    'Accept': 'application/xml'
    'User-Agent': 'azsdk-python-storage-blob/12.19.0 Python/3.8.4 (Windows-10-10.0.22621-SP0)'
    'x-ms-date': 'REDACTED'
    'x-ms-client-request-id': '8a22246d-b227-11ee-85ed-7413ea0e4ce5'
    'Authorization': 'REDACTED'
A body is sent with the request
2024-01-13 16:22:18,945 - azure.core.pipeline.policies.http_logging_policy - INFO - Response status: 201
Response headers:
    'Content-Length': '0'
    'Content-MD5': 'REDACTED'
    'Last-Modified': 'Sat, 13 Jan 2024 15:22:18 GMT'
    'ETag': '"0x8DC144B6E6531FF"'
    'Server': 'Windows-Azure-Blob/1.0 Microsoft-HTTPAPI/2.0'
    'x-ms-request-id': '1f926af7-e01e-007b-2a34-46f04e000000'
    'x-ms-client-request-id': '8a22246d-b227-11ee-85ed-7413ea0e4ce5'
    'x-ms-version': 'REDACTED'
    'x-ms-content-crc64': 'REDACTED'
    'x-ms-request-server-encrypted': 'REDACTED'
    'Date': 'Sat, 13 Jan 2024 15:22:17 GMT'
2024-01-13 16:22:18,947 - root - INFO - File '../../../data/material-data.xlsx' successfully uploaded as 'nom_du_blob' in container 'namkincontainerfiles'.
2024-01-13 16:30:45,941 - root - INFO - Connecting to Azure Blob Storage...
2024-01-13 16:30:45,942 - root - INFO - Creating blob client for container: namkincontainerfiles, blob: material-data.xlsx...
2024-01-13 16:30:45,942 - root - INFO - Uploading file '../../../data\material-data.xlsx' to Azure Blob Storage...
2024-01-13 16:30:45,947 - azure.core.pipeline.policies.http_logging_policy - INFO - Request URL: 'https://namkinstorage20240113.blob.core.windows.net/namkincontainerfiles/material-data.xlsx'
Request method: 'PUT'
Request headers:
    'Content-Length': '5411'
    'x-ms-blob-type': 'REDACTED'
    'If-None-Match': '*'
    'x-ms-version': 'REDACTED'
    'Content-Type': 'application/octet-stream'
    'Accept': 'application/xml'
    'User-Agent': 'azsdk-python-storage-blob/12.19.0 Python/3.8.4 (Windows-10-10.0.22621-SP0)'
    'x-ms-date': 'REDACTED'
    'x-ms-client-request-id': 'b888d55a-b228-11ee-a070-7413ea0e4ce5'
    'Authorization': 'REDACTED'
A body is sent with the request
2024-01-13 16:30:46,254 - azure.core.pipeline.policies.http_logging_policy - INFO - Response status: 201
Response headers:
    'Content-Length': '0'
    'Content-MD5': 'REDACTED'
    'Last-Modified': 'Sat, 13 Jan 2024 15:30:46 GMT'
    'ETag': '"0x8DC144C9CC71B73"'
    'Server': 'Windows-Azure-Blob/1.0 Microsoft-HTTPAPI/2.0'
    'x-ms-request-id': 'a69f880e-d01e-00ab-7735-46cd18000000'
    'x-ms-client-request-id': 'b888d55a-b228-11ee-a070-7413ea0e4ce5'
    'x-ms-version': 'REDACTED'
    'x-ms-content-crc64': 'REDACTED'
    'x-ms-request-server-encrypted': 'REDACTED'
    'Date': 'Sat, 13 Jan 2024 15:30:45 GMT'
2024-01-13 16:30:46,255 - root - INFO - File '../../../data\material-data.xlsx' successfully uploaded as 'material-data.xlsx' in container 'namkincontainerfiles'.
2024-01-13 20:33:51,661 - root - INFO - Entering the Excel files path in the blob storage...
2024-01-13 20:33:51,663 - root - INFO - Connecting to Azure Blob Storage...
2024-01-13 20:33:51,665 - root - INFO - Creating blob client for container: namkincontainerfiles, blob: material-data.xlsx...
2024-01-13 20:33:51,667 - root - INFO - Uploading file '../../../data\material-data.xlsx' to Azure Blob Storage...
2024-01-13 20:33:51,725 - azure.core.pipeline.policies.http_logging_policy - INFO - Request URL: 'https://namkinstorage20240113.blob.core.windows.net/namkincontainerfiles/material-data.xlsx'
Request method: 'PUT'
Request headers:
    'Content-Length': '5411'
    'x-ms-blob-type': 'REDACTED'
    'If-None-Match': '*'
    'x-ms-version': 'REDACTED'
    'Content-Type': 'application/octet-stream'
    'Accept': 'application/xml'
    'User-Agent': 'azsdk-python-storage-blob/12.19.0 Python/3.8.4 (Windows-10-10.0.22621-SP0)'
    'x-ms-date': 'REDACTED'
    'x-ms-client-request-id': 'ae55a592-b24a-11ee-8b7e-7413ea0e4ce5'
    'Authorization': 'REDACTED'
A body is sent with the request
2024-01-13 20:33:52,140 - azure.core.pipeline.policies.http_logging_policy - INFO - Response status: 409
Response headers:
    'Content-Length': '220'
    'Content-Type': 'application/xml'
    'Server': 'Windows-Azure-Blob/1.0 Microsoft-HTTPAPI/2.0'
    'x-ms-request-id': '4ee8b414-f01e-0083-4457-46acb0000000'
    'x-ms-client-request-id': 'ae55a592-b24a-11ee-8b7e-7413ea0e4ce5'
    'x-ms-version': 'REDACTED'
    'x-ms-error-code': 'BlobAlreadyExists'
    'Date': 'Sat, 13 Jan 2024 19:33:50 GMT'
2024-01-13 20:33:52,158 - root - ERROR - Error occurred during blob upload: The specified blob already exists.
RequestId:4ee8b414-f01e-0083-4457-46acb0000000
Time:2024-01-13T19:33:51.8993264Z
ErrorCode:BlobAlreadyExists
Content: <?xml version="1.0" encoding="utf-8"?><Error><Code>BlobAlreadyExists</Code><Message>The specified blob already exists.
RequestId:4ee8b414-f01e-0083-4457-46acb0000000
Time:2024-01-13T19:33:51.8993264Z</Message></Error>
2024-01-13 20:37:53,784 - root - INFO - Entering 'machines' directory...
2024-01-13 20:37:53,786 - root - INFO - Uploading CSV file from 'machines': machine-1-0.csv...
2024-01-13 20:37:53,786 - root - INFO - Connecting to Azure Blob Storage...
2024-01-13 20:37:53,788 - root - INFO - Creating blob client for container: namkincontainerfiles, blob: machine-1-0.csv...
2024-01-13 20:37:53,797 - root - INFO - Uploading file '../../../data\machines\machine-1-0.csv' to Azure Blob Storage...
2024-01-13 20:37:53,842 - azure.core.pipeline.policies.http_logging_policy - INFO - Request URL: 'https://namkinstorage20240113.blob.core.windows.net/namkincontainerfiles/machine-1-0.csv'
Request method: 'PUT'
Request headers:
    'Content-Length': '13144344'
    'x-ms-blob-type': 'REDACTED'
    'If-None-Match': '*'
    'x-ms-version': 'REDACTED'
    'Content-Type': 'application/octet-stream'
    'Accept': 'application/xml'
    'User-Agent': 'azsdk-python-storage-blob/12.19.0 Python/3.8.4 (Windows-10-10.0.22621-SP0)'
    'x-ms-date': 'REDACTED'
    'x-ms-client-request-id': '3ea5d726-b24b-11ee-9aeb-7413ea0e4ce5'
    'Authorization': 'REDACTED'
A body is sent with the request
2024-01-13 20:49:10,013 - root - INFO - Entering directory: machines...
2024-01-13 20:49:10,016 - root - INFO - Uploading file: machine-1-0.csv...
2024-01-13 20:49:10,016 - root - INFO - Connecting to Azure Blob Storage...
2024-01-13 20:49:10,018 - root - INFO - Creating blob client for container: namkincontainerfiles, blob: machine-1-0.csv...
2024-01-13 20:49:10,018 - root - INFO - Uploading file '../../../data\machines\machine-1-0.csv' to Azure Blob Storage...
2024-01-13 20:49:10,045 - azure.core.pipeline.policies.http_logging_policy - INFO - Request URL: 'https://namkinstorage20240113.blob.core.windows.net/namkincontainerfiles/machine-1-0.csv'
Request method: 'PUT'
Request headers:
    'Content-Length': '13144344'
    'x-ms-blob-type': 'REDACTED'
    'If-None-Match': '*'
    'x-ms-version': 'REDACTED'
    'Content-Type': 'application/octet-stream'
    'Accept': 'application/xml'
    'User-Agent': 'azsdk-python-storage-blob/12.19.0 Python/3.8.4 (Windows-10-10.0.22621-SP0)'
    'x-ms-date': 'REDACTED'
    'x-ms-client-request-id': 'd1b2393c-b24c-11ee-aa87-7413ea0e4ce5'
    'Authorization': 'REDACTED'
A body is sent with the request
2024-01-13 20:49:46,963 - azure.core.pipeline.policies.http_logging_policy - INFO - Request URL: 'https://namkinstorage20240113.blob.core.windows.net/namkincontainerfiles/machine-1-0.csv'
Request method: 'PUT'
Request headers:
    'Content-Length': '13144344'
    'x-ms-blob-type': 'REDACTED'
    'If-None-Match': '*'
    'x-ms-version': 'REDACTED'
    'Content-Type': 'application/octet-stream'
    'Accept': 'application/xml'
    'User-Agent': 'azsdk-python-storage-blob/12.19.0 Python/3.8.4 (Windows-10-10.0.22621-SP0)'
    'x-ms-date': 'REDACTED'
    'x-ms-client-request-id': 'e7b3c111-b24c-11ee-ace8-7413ea0e4ce5'
    'Authorization': 'REDACTED'
A body is sent with the request
2024-01-13 20:50:29,406 - azure.core.pipeline.policies.http_logging_policy - INFO - Request URL: 'https://namkinstorage20240113.blob.core.windows.net/namkincontainerfiles/machine-1-0.csv'
Request method: 'PUT'
Request headers:
    'Content-Length': '13144344'
    'x-ms-blob-type': 'REDACTED'
    'If-None-Match': '*'
    'x-ms-version': 'REDACTED'
    'Content-Type': 'application/octet-stream'
    'Accept': 'application/xml'
    'User-Agent': 'azsdk-python-storage-blob/12.19.0 Python/3.8.4 (Windows-10-10.0.22621-SP0)'
    'x-ms-date': 'REDACTED'
    'x-ms-client-request-id': '00ffe58a-b24d-11ee-91b9-7413ea0e4ce5'
    'Authorization': 'REDACTED'
A body is sent with the request
2024-01-13 20:51:30,073 - azure.core.pipeline.policies.http_logging_policy - INFO - Request URL: 'https://namkinstorage20240113.blob.core.windows.net/namkincontainerfiles/machine-1-0.csv'
Request method: 'PUT'
Request headers:
    'Content-Length': '13144344'
    'x-ms-blob-type': 'REDACTED'
    'If-None-Match': '*'
    'x-ms-version': 'REDACTED'
    'Content-Type': 'application/octet-stream'
    'Accept': 'application/xml'
    'User-Agent': 'azsdk-python-storage-blob/12.19.0 Python/3.8.4 (Windows-10-10.0.22621-SP0)'
    'x-ms-date': 'REDACTED'
    'x-ms-client-request-id': '2528d477-b24d-11ee-9c73-7413ea0e4ce5'
    'Authorization': 'REDACTED'
A body is sent with the request
2024-01-13 20:51:50,302 - root - ERROR - Error occurred during blob upload: ('Connection aborted.', timeout('The write operation timed out'))
2024-01-13 20:51:50,304 - root - INFO - Uploading file: machine-10-0.csv...
2024-01-13 20:51:50,304 - root - INFO - Connecting to Azure Blob Storage...
2024-01-13 20:51:50,308 - root - INFO - Creating blob client for container: namkincontainerfiles, blob: machine-10-0.csv...
2024-01-13 20:51:50,309 - root - INFO - Uploading file '../../../data\machines\machine-10-0.csv' to Azure Blob Storage...
2024-01-13 20:51:50,357 - azure.core.pipeline.policies.http_logging_policy - INFO - Request URL: 'https://namkinstorage20240113.blob.core.windows.net/namkincontainerfiles/machine-10-0.csv'
Request method: 'PUT'
Request headers:
    'Content-Length': '13490633'
    'x-ms-blob-type': 'REDACTED'
    'If-None-Match': '*'
    'x-ms-version': 'REDACTED'
    'Content-Type': 'application/octet-stream'
    'Accept': 'application/xml'
    'User-Agent': 'azsdk-python-storage-blob/12.19.0 Python/3.8.4 (Windows-10-10.0.22621-SP0)'
    'x-ms-date': 'REDACTED'
    'x-ms-client-request-id': '31402546-b24d-11ee-b877-7413ea0e4ce5'
    'Authorization': 'REDACTED'
A body is sent with the request
2024-01-13 20:52:27,588 - azure.core.pipeline.policies.http_logging_policy - INFO - Request URL: 'https://namkinstorage20240113.blob.core.windows.net/namkincontainerfiles/machine-10-0.csv'
Request method: 'PUT'
Request headers:
    'Content-Length': '13490633'
    'x-ms-blob-type': 'REDACTED'
    'If-None-Match': '*'
    'x-ms-version': 'REDACTED'
    'Content-Type': 'application/octet-stream'
    'Accept': 'application/xml'
    'User-Agent': 'azsdk-python-storage-blob/12.19.0 Python/3.8.4 (Windows-10-10.0.22621-SP0)'
    'x-ms-date': 'REDACTED'
    'x-ms-client-request-id': '4770f27a-b24d-11ee-bc88-7413ea0e4ce5'
    'Authorization': 'REDACTED'
A body is sent with the request
2024-01-13 20:53:10,432 - azure.core.pipeline.policies.http_logging_policy - INFO - Request URL: 'https://namkinstorage20240113.blob.core.windows.net/namkincontainerfiles/machine-10-0.csv'
Request method: 'PUT'
Request headers:
    'Content-Length': '13490633'
    'x-ms-blob-type': 'REDACTED'
    'If-None-Match': '*'
    'x-ms-version': 'REDACTED'
    'Content-Type': 'application/octet-stream'
    'Accept': 'application/xml'
    'User-Agent': 'azsdk-python-storage-blob/12.19.0 Python/3.8.4 (Windows-10-10.0.22621-SP0)'
    'x-ms-date': 'REDACTED'
    'x-ms-client-request-id': '60fa5f60-b24d-11ee-a1bb-7413ea0e4ce5'
    'Authorization': 'REDACTED'
A body is sent with the request
2024-01-13 20:54:12,068 - azure.core.pipeline.policies.http_logging_policy - INFO - Request URL: 'https://namkinstorage20240113.blob.core.windows.net/namkincontainerfiles/machine-10-0.csv'
Request method: 'PUT'
Request headers:
    'Content-Length': '13490633'
    'x-ms-blob-type': 'REDACTED'
    'If-None-Match': '*'
    'x-ms-version': 'REDACTED'
    'Content-Type': 'application/octet-stream'
    'Accept': 'application/xml'
    'User-Agent': 'azsdk-python-storage-blob/12.19.0 Python/3.8.4 (Windows-10-10.0.22621-SP0)'
    'x-ms-date': 'REDACTED'
    'x-ms-client-request-id': '85b749fc-b24d-11ee-b0aa-7413ea0e4ce5'
    'Authorization': 'REDACTED'
A body is sent with the request
2024-01-13 20:54:32,302 - root - ERROR - Error occurred during blob upload: ('Connection aborted.', timeout('The write operation timed out'))
2024-01-13 20:54:32,303 - root - INFO - Uploading file: machine-11-0.csv...
2024-01-13 20:54:32,303 - root - INFO - Connecting to Azure Blob Storage...
2024-01-13 20:54:32,305 - root - INFO - Creating blob client for container: namkincontainerfiles, blob: machine-11-0.csv...
2024-01-13 20:54:32,307 - root - INFO - Uploading file '../../../data\machines\machine-11-0.csv' to Azure Blob Storage...
2024-01-13 20:54:32,365 - azure.core.pipeline.policies.http_logging_policy - INFO - Request URL: 'https://namkinstorage20240113.blob.core.windows.net/namkincontainerfiles/machine-11-0.csv'
Request method: 'PUT'
Request headers:
    'Content-Length': '13589701'
    'x-ms-blob-type': 'REDACTED'
    'If-None-Match': '*'
    'x-ms-version': 'REDACTED'
    'Content-Type': 'application/octet-stream'
    'Accept': 'application/xml'
    'User-Agent': 'azsdk-python-storage-blob/12.19.0 Python/3.8.4 (Windows-10-10.0.22621-SP0)'
    'x-ms-date': 'REDACTED'
    'x-ms-client-request-id': '91d05837-b24d-11ee-ac8c-7413ea0e4ce5'
    'Authorization': 'REDACTED'
A body is sent with the request
2024-01-13 20:55:09,432 - azure.core.pipeline.policies.http_logging_policy - INFO - Request URL: 'https://namkinstorage20240113.blob.core.windows.net/namkincontainerfiles/machine-11-0.csv'
Request method: 'PUT'
Request headers:
    'Content-Length': '13589701'
    'x-ms-blob-type': 'REDACTED'
    'If-None-Match': '*'
    'x-ms-version': 'REDACTED'
    'Content-Type': 'application/octet-stream'
    'Accept': 'application/xml'
    'User-Agent': 'azsdk-python-storage-blob/12.19.0 Python/3.8.4 (Windows-10-10.0.22621-SP0)'
    'x-ms-date': 'REDACTED'
    'x-ms-client-request-id': 'a7e87a4c-b24d-11ee-aa2c-7413ea0e4ce5'
    'Authorization': 'REDACTED'
A body is sent with the request
2024-01-13 20:55:52,086 - azure.core.pipeline.policies.http_logging_policy - INFO - Request URL: 'https://namkinstorage20240113.blob.core.windows.net/namkincontainerfiles/machine-11-0.csv'
Request method: 'PUT'
Request headers:
    'Content-Length': '13589701'
    'x-ms-blob-type': 'REDACTED'
    'If-None-Match': '*'
    'x-ms-version': 'REDACTED'
    'Content-Type': 'application/octet-stream'
    'Accept': 'application/xml'
    'User-Agent': 'azsdk-python-storage-blob/12.19.0 Python/3.8.4 (Windows-10-10.0.22621-SP0)'
    'x-ms-date': 'REDACTED'
    'x-ms-client-request-id': 'c154fd29-b24d-11ee-a4dc-7413ea0e4ce5'
    'Authorization': 'REDACTED'
A body is sent with the request
2024-01-13 20:56:52,134 - azure.core.pipeline.policies.http_logging_policy - INFO - Request URL: 'https://namkinstorage20240113.blob.core.windows.net/namkincontainerfiles/machine-11-0.csv'
Request method: 'PUT'
Request headers:
    'Content-Length': '13589701'
    'x-ms-blob-type': 'REDACTED'
    'If-None-Match': '*'
    'x-ms-version': 'REDACTED'
    'Content-Type': 'application/octet-stream'
    'Accept': 'application/xml'
    'User-Agent': 'azsdk-python-storage-blob/12.19.0 Python/3.8.4 (Windows-10-10.0.22621-SP0)'
    'x-ms-date': 'REDACTED'
    'x-ms-client-request-id': 'e51f8d68-b24d-11ee-b543-7413ea0e4ce5'
    'Authorization': 'REDACTED'
A body is sent with the request
2024-01-13 20:57:12,360 - root - ERROR - Error occurred during blob upload: The operation did not complete (write) (_ssl.c:2472)
2024-01-13 20:57:12,362 - root - INFO - Uploading file: machine-12-0.csv...
2024-01-13 20:57:12,362 - root - INFO - Connecting to Azure Blob Storage...
2024-01-13 20:57:12,363 - root - INFO - Creating blob client for container: namkincontainerfiles, blob: machine-12-0.csv...
2024-01-13 20:57:12,363 - root - INFO - Uploading file '../../../data\machines\machine-12-0.csv' to Azure Blob Storage...
2024-01-13 20:57:12,388 - azure.core.pipeline.policies.http_logging_policy - INFO - Request URL: 'https://namkinstorage20240113.blob.core.windows.net/namkincontainerfiles/machine-12-0.csv'
Request method: 'PUT'
Request headers:
    'Content-Length': '13587390'
    'x-ms-blob-type': 'REDACTED'
    'If-None-Match': '*'
    'x-ms-version': 'REDACTED'
    'Content-Type': 'application/octet-stream'
    'Accept': 'application/xml'
    'User-Agent': 'azsdk-python-storage-blob/12.19.0 Python/3.8.4 (Windows-10-10.0.22621-SP0)'
    'x-ms-date': 'REDACTED'
    'x-ms-client-request-id': 'f1321c75-b24d-11ee-969b-7413ea0e4ce5'
    'Authorization': 'REDACTED'
A body is sent with the request
2024-01-13 20:57:51,600 - azure.core.pipeline.policies.http_logging_policy - INFO - Request URL: 'https://namkinstorage20240113.blob.core.windows.net/namkincontainerfiles/machine-12-0.csv'
Request method: 'PUT'
Request headers:
    'Content-Length': '13587390'
    'x-ms-blob-type': 'REDACTED'
    'If-None-Match': '*'
    'x-ms-version': 'REDACTED'
    'Content-Type': 'application/octet-stream'
    'Accept': 'application/xml'
    'User-Agent': 'azsdk-python-storage-blob/12.19.0 Python/3.8.4 (Windows-10-10.0.22621-SP0)'
    'x-ms-date': 'REDACTED'
    'x-ms-client-request-id': '08916bd0-b24e-11ee-868d-7413ea0e4ce5'
    'Authorization': 'REDACTED'
A body is sent with the request
2024-01-13 20:58:38,041 - azure.core.pipeline.policies.http_logging_policy - INFO - Request URL: 'https://namkinstorage20240113.blob.core.windows.net/namkincontainerfiles/machine-12-0.csv'
Request method: 'PUT'
Request headers:
    'Content-Length': '13587390'
    'x-ms-blob-type': 'REDACTED'
    'If-None-Match': '*'
    'x-ms-version': 'REDACTED'
    'Content-Type': 'application/octet-stream'
    'Accept': 'application/xml'
    'User-Agent': 'azsdk-python-storage-blob/12.19.0 Python/3.8.4 (Windows-10-10.0.22621-SP0)'
    'x-ms-date': 'REDACTED'
    'x-ms-client-request-id': '243fb988-b24e-11ee-857b-7413ea0e4ce5'
    'Authorization': 'REDACTED'
A body is sent with the request
2024-01-13 20:59:43,274 - azure.core.pipeline.policies.http_logging_policy - INFO - Request URL: 'https://namkinstorage20240113.blob.core.windows.net/namkincontainerfiles/machine-12-0.csv'
Request method: 'PUT'
Request headers:
    'Content-Length': '13587390'
    'x-ms-blob-type': 'REDACTED'
    'If-None-Match': '*'
    'x-ms-version': 'REDACTED'
    'Content-Type': 'application/octet-stream'
    'Accept': 'application/xml'
    'User-Agent': 'azsdk-python-storage-blob/12.19.0 Python/3.8.4 (Windows-10-10.0.22621-SP0)'
    'x-ms-date': 'REDACTED'
    'x-ms-client-request-id': '4b215d04-b24e-11ee-863e-7413ea0e4ce5'
    'Authorization': 'REDACTED'
A body is sent with the request
2024-01-13 21:00:03,479 - root - ERROR - Error occurred during blob upload: The operation did not complete (write) (_ssl.c:2472)
2024-01-13 21:00:03,480 - root - INFO - Uploading file: machine-13-0.csv...
2024-01-13 21:00:03,480 - root - INFO - Connecting to Azure Blob Storage...
2024-01-13 21:00:03,483 - root - INFO - Creating blob client for container: namkincontainerfiles, blob: machine-13-0.csv...
2024-01-13 21:00:03,483 - root - INFO - Uploading file '../../../data\machines\machine-13-0.csv' to Azure Blob Storage...
2024-01-13 21:00:03,509 - azure.core.pipeline.policies.http_logging_policy - INFO - Request URL: 'https://namkinstorage20240113.blob.core.windows.net/namkincontainerfiles/machine-13-0.csv'
Request method: 'PUT'
Request headers:
    'Content-Length': '13596841'
    'x-ms-blob-type': 'REDACTED'
    'If-None-Match': '*'
    'x-ms-version': 'REDACTED'
    'Content-Type': 'application/octet-stream'
    'Accept': 'application/xml'
    'User-Agent': 'azsdk-python-storage-blob/12.19.0 Python/3.8.4 (Windows-10-10.0.22621-SP0)'
    'x-ms-date': 'REDACTED'
    'x-ms-client-request-id': '57310e5a-b24e-11ee-a58a-7413ea0e4ce5'
    'Authorization': 'REDACTED'
A body is sent with the request
2024-01-13 21:06:20,453 - root - INFO - Uploading file: material-data.xlsx...
2024-01-13 21:06:20,453 - root - INFO - Connecting to Azure Blob Storage...
2024-01-13 21:06:20,454 - root - INFO - Creating blob client for container: namkincontainerfiles, blob: material-data.xlsx...
2024-01-13 21:06:20,454 - root - INFO - Uploading file '../../../data\material-data.xlsx' to Azure Blob Storage...
2024-01-13 21:06:20,459 - azure.core.pipeline.policies.http_logging_policy - INFO - Request URL: 'https://namkinstorage20240113.blob.core.windows.net/namkincontainerfiles/material-data.xlsx?timeout=REDACTED'
Request method: 'PUT'
Request headers:
    'Content-Length': '5411'
    'x-ms-blob-type': 'REDACTED'
    'If-None-Match': '*'
    'x-ms-version': 'REDACTED'
    'Content-Type': 'application/octet-stream'
    'Accept': 'application/xml'
    'User-Agent': 'azsdk-python-storage-blob/12.19.0 Python/3.8.4 (Windows-10-10.0.22621-SP0)'
    'x-ms-date': 'REDACTED'
    'x-ms-client-request-id': '37df2432-b24f-11ee-93df-7413ea0e4ce5'
    'Authorization': 'REDACTED'
A body is sent with the request
2024-01-13 21:06:20,777 - azure.core.pipeline.policies.http_logging_policy - INFO - Response status: 409
Response headers:
    'Content-Length': '220'
    'Content-Type': 'application/xml'
    'Server': 'Windows-Azure-Blob/1.0 Microsoft-HTTPAPI/2.0'
    'x-ms-request-id': '679176a8-301e-00ee-5a5b-4618fb000000'
    'x-ms-client-request-id': '37df2432-b24f-11ee-93df-7413ea0e4ce5'
    'x-ms-version': 'REDACTED'
    'x-ms-error-code': 'BlobAlreadyExists'
    'Date': 'Sat, 13 Jan 2024 20:06:19 GMT'
2024-01-13 21:06:20,780 - root - ERROR - Error occurred during blob upload: The specified blob already exists.
RequestId:679176a8-301e-00ee-5a5b-4618fb000000
Time:2024-01-13T20:06:20.5387450Z
ErrorCode:BlobAlreadyExists
Content: <?xml version="1.0" encoding="utf-8"?><Error><Code>BlobAlreadyExists</Code><Message>The specified blob already exists.
RequestId:679176a8-301e-00ee-5a5b-4618fb000000
Time:2024-01-13T20:06:20.5387450Z</Message></Error>
2024-01-13 21:06:20,783 - root - INFO - Uploading file: part-reference.xlsx...
2024-01-13 21:06:20,783 - root - INFO - Connecting to Azure Blob Storage...
2024-01-13 21:06:20,784 - root - INFO - Creating blob client for container: namkincontainerfiles, blob: part-reference.xlsx...
2024-01-13 21:06:20,784 - root - INFO - Uploading file '../../../data\part-reference.xlsx' to Azure Blob Storage...
2024-01-13 21:06:20,797 - azure.core.pipeline.policies.http_logging_policy - INFO - Request URL: 'https://namkinstorage20240113.blob.core.windows.net/namkincontainerfiles/part-reference.xlsx?timeout=REDACTED'
Request method: 'PUT'
Request headers:
    'Content-Length': '8420'
    'x-ms-blob-type': 'REDACTED'
    'If-None-Match': '*'
    'x-ms-version': 'REDACTED'
    'Content-Type': 'application/octet-stream'
    'Accept': 'application/xml'
    'User-Agent': 'azsdk-python-storage-blob/12.19.0 Python/3.8.4 (Windows-10-10.0.22621-SP0)'
    'x-ms-date': 'REDACTED'
    'x-ms-client-request-id': '3812c2c1-b24f-11ee-88f0-7413ea0e4ce5'
    'Authorization': 'REDACTED'
A body is sent with the request
2024-01-13 21:06:21,127 - azure.core.pipeline.policies.http_logging_policy - INFO - Response status: 201
Response headers:
    'Content-Length': '0'
    'Content-MD5': 'REDACTED'
    'Last-Modified': 'Sat, 13 Jan 2024 20:06:20 GMT'
    'ETag': '"0x8DC14731C532C60"'
    'Server': 'Windows-Azure-Blob/1.0 Microsoft-HTTPAPI/2.0'
    'x-ms-request-id': 'ff430d52-c01e-00ea-3b5b-4695fc000000'
    'x-ms-client-request-id': '3812c2c1-b24f-11ee-88f0-7413ea0e4ce5'
    'x-ms-version': 'REDACTED'
    'x-ms-content-crc64': 'REDACTED'
    'x-ms-request-server-encrypted': 'REDACTED'
    'Date': 'Sat, 13 Jan 2024 20:06:20 GMT'
2024-01-13 21:06:21,130 - root - INFO - File '../../../data\part-reference.xlsx' successfully uploaded as 'part-reference.xlsx' in container 'namkincontainerfiles'.
2024-01-13 21:06:21,132 - root - INFO - Uploading file: sales.xlsx...
2024-01-13 21:06:21,133 - root - INFO - Connecting to Azure Blob Storage...
2024-01-13 21:06:21,134 - root - INFO - Creating blob client for container: namkincontainerfiles, blob: sales.xlsx...
2024-01-13 21:06:21,134 - root - INFO - Uploading file '../../../data\sales.xlsx' to Azure Blob Storage...
2024-01-13 21:06:21,146 - azure.core.pipeline.policies.http_logging_policy - INFO - Request URL: 'https://namkinstorage20240113.blob.core.windows.net/namkincontainerfiles/sales.xlsx?timeout=REDACTED'
Request method: 'PUT'
Request headers:
    'Content-Length': '4761'
    'x-ms-blob-type': 'REDACTED'
    'If-None-Match': '*'
    'x-ms-version': 'REDACTED'
    'Content-Type': 'application/octet-stream'
    'Accept': 'application/xml'
    'User-Agent': 'azsdk-python-storage-blob/12.19.0 Python/3.8.4 (Windows-10-10.0.22621-SP0)'
    'x-ms-date': 'REDACTED'
    'x-ms-client-request-id': '3847e18d-b24f-11ee-a380-7413ea0e4ce5'
    'Authorization': 'REDACTED'
A body is sent with the request
2024-01-13 21:06:21,453 - azure.core.pipeline.policies.http_logging_policy - INFO - Response status: 201
Response headers:
    'Content-Length': '0'
    'Content-MD5': 'REDACTED'
    'Last-Modified': 'Sat, 13 Jan 2024 20:06:21 GMT'
    'ETag': '"0x8DC14731C8527D9"'
    'Server': 'Windows-Azure-Blob/1.0 Microsoft-HTTPAPI/2.0'
    'x-ms-request-id': 'f351a99b-b01e-00bd-3d5b-463bcf000000'
    'x-ms-client-request-id': '3847e18d-b24f-11ee-a380-7413ea0e4ce5'
    'x-ms-version': 'REDACTED'
    'x-ms-content-crc64': 'REDACTED'
    'x-ms-request-server-encrypted': 'REDACTED'
    'Date': 'Sat, 13 Jan 2024 20:06:20 GMT'
2024-01-13 21:06:21,457 - root - INFO - File '../../../data\sales.xlsx' successfully uploaded as 'sales.xlsx' in container 'namkincontainerfiles'.
2024-01-13 23:15:07,475 - root - INFO - Uploading file: material-data.xlsx...
2024-01-13 23:15:07,476 - root - INFO - Connecting to Azure Blob Storage...
2024-01-13 23:15:07,477 - root - INFO - Creating blob client for container: namkincontainerfiles, blob: material-data.xlsx...
2024-01-13 23:15:07,478 - root - INFO - Uploading file '../../../data\material-data.xlsx' to Azure Blob Storage...
2024-01-13 23:15:07,535 - azure.core.pipeline.policies.http_logging_policy - INFO - Request URL: 'https://namkinstorage20240113.blob.core.windows.net/namkincontainerfiles/material-data.xlsx?timeout=REDACTED'
Request method: 'PUT'
Request headers:
    'Content-Length': '5411'
    'x-ms-blob-type': 'REDACTED'
    'If-None-Match': '*'
    'x-ms-version': 'REDACTED'
    'Content-Type': 'application/octet-stream'
    'Accept': 'application/xml'
    'User-Agent': 'azsdk-python-storage-blob/12.19.0 Python/3.8.4 (Windows-10-10.0.22621-SP0)'
    'x-ms-date': 'REDACTED'
    'x-ms-client-request-id': '3590ea9b-b261-11ee-8917-7413ea0e4ce5'
    'Authorization': 'REDACTED'
A body is sent with the request
2024-01-13 23:15:07,898 - azure.core.pipeline.policies.http_logging_policy - INFO - Response status: 409
Response headers:
    'Content-Length': '220'
    'Content-Type': 'application/xml'
    'Server': 'Windows-Azure-Blob/1.0 Microsoft-HTTPAPI/2.0'
    'x-ms-request-id': 'ac4430ef-601e-00be-5c6d-46daab000000'
    'x-ms-client-request-id': '3590ea9b-b261-11ee-8917-7413ea0e4ce5'
    'x-ms-version': 'REDACTED'
    'x-ms-error-code': 'BlobAlreadyExists'
    'Date': 'Sat, 13 Jan 2024 22:15:07 GMT'
2024-01-13 23:15:07,914 - root - ERROR - Error occurred during blob upload: The specified blob already exists.
RequestId:ac4430ef-601e-00be-5c6d-46daab000000
Time:2024-01-13T22:15:07.6648171Z
ErrorCode:BlobAlreadyExists
Content: <?xml version="1.0" encoding="utf-8"?><Error><Code>BlobAlreadyExists</Code><Message>The specified blob already exists.
RequestId:ac4430ef-601e-00be-5c6d-46daab000000
Time:2024-01-13T22:15:07.6648171Z</Message></Error>
2024-01-13 23:15:07,917 - root - INFO - Uploading file: part-reference.xlsx...
2024-01-13 23:15:07,917 - root - INFO - Connecting to Azure Blob Storage...
2024-01-13 23:15:07,919 - root - INFO - Creating blob client for container: namkincontainerfiles, blob: part-reference.xlsx...
2024-01-13 23:15:07,920 - root - INFO - Uploading file '../../../data\part-reference.xlsx' to Azure Blob Storage...
2024-01-13 23:15:07,924 - azure.core.pipeline.policies.http_logging_policy - INFO - Request URL: 'https://namkinstorage20240113.blob.core.windows.net/namkincontainerfiles/part-reference.xlsx?timeout=REDACTED'
Request method: 'PUT'
Request headers:
    'Content-Length': '8420'
    'x-ms-blob-type': 'REDACTED'
    'If-None-Match': '*'
    'x-ms-version': 'REDACTED'
    'Content-Type': 'application/octet-stream'
    'Accept': 'application/xml'
    'User-Agent': 'azsdk-python-storage-blob/12.19.0 Python/3.8.4 (Windows-10-10.0.22621-SP0)'
    'x-ms-date': 'REDACTED'
    'x-ms-client-request-id': '35cca303-b261-11ee-b43c-7413ea0e4ce5'
    'Authorization': 'REDACTED'
A body is sent with the request
2024-01-13 23:15:08,257 - azure.core.pipeline.policies.http_logging_policy - INFO - Response status: 409
Response headers:
    'Content-Length': '220'
    'Content-Type': 'application/xml'
    'Server': 'Windows-Azure-Blob/1.0 Microsoft-HTTPAPI/2.0'
    'x-ms-request-id': '68a8c549-401e-0062-716d-4670f5000000'
    'x-ms-client-request-id': '35cca303-b261-11ee-b43c-7413ea0e4ce5'
    'x-ms-version': 'REDACTED'
    'x-ms-error-code': 'BlobAlreadyExists'
    'Date': 'Sat, 13 Jan 2024 22:15:07 GMT'
2024-01-13 23:15:08,260 - root - ERROR - Error occurred during blob upload: The specified blob already exists.
RequestId:68a8c549-401e-0062-716d-4670f5000000
Time:2024-01-13T22:15:08.0301284Z
ErrorCode:BlobAlreadyExists
Content: <?xml version="1.0" encoding="utf-8"?><Error><Code>BlobAlreadyExists</Code><Message>The specified blob already exists.
RequestId:68a8c549-401e-0062-716d-4670f5000000
Time:2024-01-13T22:15:08.0301284Z</Message></Error>
2024-01-13 23:15:08,262 - root - INFO - Uploading file: sales.xlsx...
2024-01-13 23:15:08,262 - root - INFO - Connecting to Azure Blob Storage...
2024-01-13 23:15:08,264 - root - INFO - Creating blob client for container: namkincontainerfiles, blob: sales.xlsx...
2024-01-13 23:15:08,265 - root - INFO - Uploading file '../../../data\sales.xlsx' to Azure Blob Storage...
2024-01-13 23:15:08,271 - azure.core.pipeline.policies.http_logging_policy - INFO - Request URL: 'https://namkinstorage20240113.blob.core.windows.net/namkincontainerfiles/sales.xlsx?timeout=REDACTED'
Request method: 'PUT'
Request headers:
    'Content-Length': '4761'
    'x-ms-blob-type': 'REDACTED'
    'If-None-Match': '*'
    'x-ms-version': 'REDACTED'
    'Content-Type': 'application/octet-stream'
    'Accept': 'application/xml'
    'User-Agent': 'azsdk-python-storage-blob/12.19.0 Python/3.8.4 (Windows-10-10.0.22621-SP0)'
    'x-ms-date': 'REDACTED'
    'x-ms-client-request-id': '36015d71-b261-11ee-b4aa-7413ea0e4ce5'
    'Authorization': 'REDACTED'
A body is sent with the request
2024-01-13 23:15:08,594 - azure.core.pipeline.policies.http_logging_policy - INFO - Response status: 409
Response headers:
    'Content-Length': '220'
    'Content-Type': 'application/xml'
    'Server': 'Windows-Azure-Blob/1.0 Microsoft-HTTPAPI/2.0'
    'x-ms-request-id': 'f38e1b22-b01e-00bd-1f6d-463bcf000000'
    'x-ms-client-request-id': '36015d71-b261-11ee-b4aa-7413ea0e4ce5'
    'x-ms-version': 'REDACTED'
    'x-ms-error-code': 'BlobAlreadyExists'
    'Date': 'Sat, 13 Jan 2024 22:15:08 GMT'
2024-01-13 23:15:08,597 - root - ERROR - Error occurred during blob upload: The specified blob already exists.
RequestId:f38e1b22-b01e-00bd-1f6d-463bcf000000
Time:2024-01-13T22:15:08.3656146Z
ErrorCode:BlobAlreadyExists
Content: <?xml version="1.0" encoding="utf-8"?><Error><Code>BlobAlreadyExists</Code><Message>The specified blob already exists.
RequestId:f38e1b22-b01e-00bd-1f6d-463bcf000000
Time:2024-01-13T22:15:08.3656146Z</Message></Error>
2024-01-13 23:23:44,840 - root - INFO - Uploading file: material-data.xlsx...
2024-01-13 23:23:44,840 - root - INFO - Connecting to Azure Blob Storage...
2024-01-13 23:23:44,844 - root - INFO - Creating blob client for container: namkincontainerfiles, blob: material-data.xlsx...
2024-01-13 23:23:44,845 - root - INFO - Uploading file './scripts/infrastructure/files_storage\..\..\..\data\material-data.xlsx' to Azure Blob Storage...
2024-01-13 23:23:44,857 - azure.core.pipeline.policies.http_logging_policy - INFO - Request URL: 'https://namkinstorage20240113.blob.core.windows.net/namkincontainerfiles/material-data.xlsx?timeout=REDACTED'
Request method: 'PUT'
Request headers:
    'Content-Length': '5411'
    'x-ms-blob-type': 'REDACTED'
    'If-None-Match': '*'
    'x-ms-version': 'REDACTED'
    'Content-Type': 'application/octet-stream'
    'Accept': 'application/xml'
    'User-Agent': 'azsdk-python-storage-blob/12.19.0 Python/3.8.4 (Windows-10-10.0.22621-SP0)'
    'x-ms-date': 'REDACTED'
    'x-ms-client-request-id': '69ea5229-b262-11ee-9bfd-7413ea0e4ce5'
    'Authorization': 'REDACTED'
A body is sent with the request
2024-01-13 23:23:45,284 - azure.core.pipeline.policies.http_logging_policy - INFO - Response status: 409
Response headers:
    'Content-Length': '220'
    'Content-Type': 'application/xml'
    'Server': 'Windows-Azure-Blob/1.0 Microsoft-HTTPAPI/2.0'
    'x-ms-request-id': '686e56b9-601e-0091-376f-46d760000000'
    'x-ms-client-request-id': '69ea5229-b262-11ee-9bfd-7413ea0e4ce5'
    'x-ms-version': 'REDACTED'
    'x-ms-error-code': 'BlobAlreadyExists'
    'Date': 'Sat, 13 Jan 2024 22:23:44 GMT'
2024-01-13 23:23:45,286 - root - ERROR - Error occurred during blob upload: The specified blob already exists.
RequestId:686e56b9-601e-0091-376f-46d760000000
Time:2024-01-13T22:23:45.0502557Z
ErrorCode:BlobAlreadyExists
Content: <?xml version="1.0" encoding="utf-8"?><Error><Code>BlobAlreadyExists</Code><Message>The specified blob already exists.
RequestId:686e56b9-601e-0091-376f-46d760000000
Time:2024-01-13T22:23:45.0502557Z</Message></Error>
2024-01-13 23:23:45,287 - root - INFO - Uploading file: part-reference.xlsx...
2024-01-13 23:23:45,287 - root - INFO - Connecting to Azure Blob Storage...
2024-01-13 23:23:45,288 - root - INFO - Creating blob client for container: namkincontainerfiles, blob: part-reference.xlsx...
2024-01-13 23:23:45,289 - root - INFO - Uploading file './scripts/infrastructure/files_storage\..\..\..\data\part-reference.xlsx' to Azure Blob Storage...
2024-01-13 23:23:45,290 - azure.core.pipeline.policies.http_logging_policy - INFO - Request URL: 'https://namkinstorage20240113.blob.core.windows.net/namkincontainerfiles/part-reference.xlsx?timeout=REDACTED'
Request method: 'PUT'
Request headers:
    'Content-Length': '8420'
    'x-ms-blob-type': 'REDACTED'
    'If-None-Match': '*'
    'x-ms-version': 'REDACTED'
    'Content-Type': 'application/octet-stream'
    'Accept': 'application/xml'
    'User-Agent': 'azsdk-python-storage-blob/12.19.0 Python/3.8.4 (Windows-10-10.0.22621-SP0)'
    'x-ms-date': 'REDACTED'
    'x-ms-client-request-id': '6a2c5880-b262-11ee-8559-7413ea0e4ce5'
    'Authorization': 'REDACTED'
A body is sent with the request
2024-01-13 23:23:45,765 - azure.core.pipeline.policies.http_logging_policy - INFO - Response status: 409
Response headers:
    'Content-Length': '220'
    'Content-Type': 'application/xml'
    'Server': 'Windows-Azure-Blob/1.0 Microsoft-HTTPAPI/2.0'
    'x-ms-request-id': '5b518eb3-f01e-00e1-496f-466e97000000'
    'x-ms-client-request-id': '6a2c5880-b262-11ee-8559-7413ea0e4ce5'
    'x-ms-version': 'REDACTED'
    'x-ms-error-code': 'BlobAlreadyExists'
    'Date': 'Sat, 13 Jan 2024 22:23:44 GMT'
2024-01-13 23:23:45,768 - root - ERROR - Error occurred during blob upload: The specified blob already exists.
RequestId:5b518eb3-f01e-00e1-496f-466e97000000
Time:2024-01-13T22:23:45.5350554Z
ErrorCode:BlobAlreadyExists
Content: <?xml version="1.0" encoding="utf-8"?><Error><Code>BlobAlreadyExists</Code><Message>The specified blob already exists.
RequestId:5b518eb3-f01e-00e1-496f-466e97000000
Time:2024-01-13T22:23:45.5350554Z</Message></Error>
2024-01-13 23:23:45,772 - root - INFO - Uploading file: sales.xlsx...
2024-01-13 23:23:45,772 - root - INFO - Connecting to Azure Blob Storage...
2024-01-13 23:23:45,774 - root - INFO - Creating blob client for container: namkincontainerfiles, blob: sales.xlsx...
2024-01-13 23:23:45,775 - root - INFO - Uploading file './scripts/infrastructure/files_storage\..\..\..\data\sales.xlsx' to Azure Blob Storage...
2024-01-13 23:23:45,777 - azure.core.pipeline.policies.http_logging_policy - INFO - Request URL: 'https://namkinstorage20240113.blob.core.windows.net/namkincontainerfiles/sales.xlsx?timeout=REDACTED'
Request method: 'PUT'
Request headers:
    'Content-Length': '4761'
    'x-ms-blob-type': 'REDACTED'
    'If-None-Match': '*'
    'x-ms-version': 'REDACTED'
    'Content-Type': 'application/octet-stream'
    'Accept': 'application/xml'
    'User-Agent': 'azsdk-python-storage-blob/12.19.0 Python/3.8.4 (Windows-10-10.0.22621-SP0)'
    'x-ms-date': 'REDACTED'
    'x-ms-client-request-id': '6a76ceb0-b262-11ee-9088-7413ea0e4ce5'
    'Authorization': 'REDACTED'
A body is sent with the request
2024-01-13 23:23:46,200 - azure.core.pipeline.policies.http_logging_policy - INFO - Response status: 409
Response headers:
    'Content-Length': '220'
    'Content-Type': 'application/xml'
    'Server': 'Windows-Azure-Blob/1.0 Microsoft-HTTPAPI/2.0'
    'x-ms-request-id': '6837b036-701e-0046-476f-468655000000'
    'x-ms-client-request-id': '6a76ceb0-b262-11ee-9088-7413ea0e4ce5'
    'x-ms-version': 'REDACTED'
    'x-ms-error-code': 'BlobAlreadyExists'
    'Date': 'Sat, 13 Jan 2024 22:23:45 GMT'
2024-01-13 23:23:46,202 - root - ERROR - Error occurred during blob upload: The specified blob already exists.
RequestId:6837b036-701e-0046-476f-468655000000
Time:2024-01-13T22:23:45.9328072Z
ErrorCode:BlobAlreadyExists
Content: <?xml version="1.0" encoding="utf-8"?><Error><Code>BlobAlreadyExists</Code><Message>The specified blob already exists.
RequestId:6837b036-701e-0046-476f-468655000000
Time:2024-01-13T22:23:45.9328072Z</Message></Error>
2024-01-14 00:51:37,897 - root - INFO - Uploading file: material-data.xlsx...
2024-01-14 00:51:37,897 - root - INFO - Connecting to Azure Blob Storage...
2024-01-14 00:51:37,898 - root - INFO - Creating blob client for container: namkincontainerfiles, blob: material-data.xlsx...
2024-01-14 00:51:37,899 - root - INFO - Uploading file './scripts/infrastructure/files_storage\..\..\..\data\material-data.xlsx' to Azure Blob Storage...
2024-01-14 00:51:37,918 - azure.core.pipeline.policies.http_logging_policy - INFO - Request URL: 'https://namkinstorage20240113.blob.core.windows.net/namkincontainerfiles/material-data.xlsx?timeout=REDACTED'
Request method: 'PUT'
Request headers:
    'Content-Length': '5411'
    'x-ms-blob-type': 'REDACTED'
    'If-None-Match': '*'
    'x-ms-version': 'REDACTED'
    'Content-Type': 'application/octet-stream'
    'Accept': 'application/xml'
    'User-Agent': 'azsdk-python-storage-blob/12.19.0 Python/3.8.4 (Windows-10-10.0.22621-SP0)'
    'x-ms-date': 'REDACTED'
    'x-ms-client-request-id': 'b0e7bfb7-b26e-11ee-a4da-7413ea0e4ce5'
    'Authorization': 'REDACTED'
A body is sent with the request
2024-01-14 00:51:38,324 - azure.core.pipeline.policies.http_logging_policy - INFO - Response status: 409
Response headers:
    'Content-Length': '220'
    'Content-Type': 'application/xml'
    'Server': 'Windows-Azure-Blob/1.0 Microsoft-HTTPAPI/2.0'
    'x-ms-request-id': 'fe103efc-401e-0072-167b-46b59d000000'
    'x-ms-client-request-id': 'b0e7bfb7-b26e-11ee-a4da-7413ea0e4ce5'
    'x-ms-version': 'REDACTED'
    'x-ms-error-code': 'BlobAlreadyExists'
    'Date': 'Sat, 13 Jan 2024 23:51:37 GMT'
2024-01-14 00:51:38,326 - root - ERROR - Error occurred during blob upload: The specified blob already exists.
RequestId:fe103efc-401e-0072-167b-46b59d000000
Time:2024-01-13T23:51:38.0660999Z
ErrorCode:BlobAlreadyExists
Content: <?xml version="1.0" encoding="utf-8"?><Error><Code>BlobAlreadyExists</Code><Message>The specified blob already exists.
RequestId:fe103efc-401e-0072-167b-46b59d000000
Time:2024-01-13T23:51:38.0660999Z</Message></Error>
2024-01-14 00:51:38,327 - root - INFO - Uploading file: part-reference.xlsx...
2024-01-14 00:51:38,327 - root - INFO - Connecting to Azure Blob Storage...
2024-01-14 00:51:38,328 - root - INFO - Creating blob client for container: namkincontainerfiles, blob: part-reference.xlsx...
2024-01-14 00:51:38,328 - root - INFO - Uploading file './scripts/infrastructure/files_storage\..\..\..\data\part-reference.xlsx' to Azure Blob Storage...
2024-01-14 00:51:38,337 - azure.core.pipeline.policies.http_logging_policy - INFO - Request URL: 'https://namkinstorage20240113.blob.core.windows.net/namkincontainerfiles/part-reference.xlsx?timeout=REDACTED'
Request method: 'PUT'
Request headers:
    'Content-Length': '8420'
    'x-ms-blob-type': 'REDACTED'
    'If-None-Match': '*'
    'x-ms-version': 'REDACTED'
    'Content-Type': 'application/octet-stream'
    'Accept': 'application/xml'
    'User-Agent': 'azsdk-python-storage-blob/12.19.0 Python/3.8.4 (Windows-10-10.0.22621-SP0)'
    'x-ms-date': 'REDACTED'
    'x-ms-client-request-id': 'b1278f04-b26e-11ee-b047-7413ea0e4ce5'
    'Authorization': 'REDACTED'
A body is sent with the request
2024-01-14 00:51:38,736 - azure.core.pipeline.policies.http_logging_policy - INFO - Response status: 409
Response headers:
    'Content-Length': '220'
    'Content-Type': 'application/xml'
    'Server': 'Windows-Azure-Blob/1.0 Microsoft-HTTPAPI/2.0'
    'x-ms-request-id': 'deb8748d-b01e-0059-6f7b-463551000000'
    'x-ms-client-request-id': 'b1278f04-b26e-11ee-b047-7413ea0e4ce5'
    'x-ms-version': 'REDACTED'
    'x-ms-error-code': 'BlobAlreadyExists'
    'Date': 'Sat, 13 Jan 2024 23:51:38 GMT'
2024-01-14 00:51:38,737 - root - ERROR - Error occurred during blob upload: The specified blob already exists.
RequestId:deb8748d-b01e-0059-6f7b-463551000000
Time:2024-01-13T23:51:38.5027450Z
ErrorCode:BlobAlreadyExists
Content: <?xml version="1.0" encoding="utf-8"?><Error><Code>BlobAlreadyExists</Code><Message>The specified blob already exists.
RequestId:deb8748d-b01e-0059-6f7b-463551000000
Time:2024-01-13T23:51:38.5027450Z</Message></Error>
2024-01-14 00:51:38,738 - root - INFO - Uploading file: sales.xlsx...
2024-01-14 00:51:38,738 - root - INFO - Connecting to Azure Blob Storage...
2024-01-14 00:51:38,738 - root - INFO - Creating blob client for container: namkincontainerfiles, blob: sales.xlsx...
2024-01-14 00:51:38,741 - root - INFO - Uploading file './scripts/infrastructure/files_storage\..\..\..\data\sales.xlsx' to Azure Blob Storage...
2024-01-14 00:51:38,749 - azure.core.pipeline.policies.http_logging_policy - INFO - Request URL: 'https://namkinstorage20240113.blob.core.windows.net/namkincontainerfiles/sales.xlsx?timeout=REDACTED'
Request method: 'PUT'
Request headers:
    'Content-Length': '4761'
    'x-ms-blob-type': 'REDACTED'
    'If-None-Match': '*'
    'x-ms-version': 'REDACTED'
    'Content-Type': 'application/octet-stream'
    'Accept': 'application/xml'
    'User-Agent': 'azsdk-python-storage-blob/12.19.0 Python/3.8.4 (Windows-10-10.0.22621-SP0)'
    'x-ms-date': 'REDACTED'
    'x-ms-client-request-id': 'b16684c7-b26e-11ee-87b6-7413ea0e4ce5'
    'Authorization': 'REDACTED'
A body is sent with the request
2024-01-14 00:51:39,086 - azure.core.pipeline.policies.http_logging_policy - INFO - Response status: 409
Response headers:
    'Content-Length': '220'
    'Content-Type': 'application/xml'
    'Server': 'Windows-Azure-Blob/1.0 Microsoft-HTTPAPI/2.0'
    'x-ms-request-id': 'e4002097-c01e-0043-797b-46548e000000'
    'x-ms-client-request-id': 'b16684c7-b26e-11ee-87b6-7413ea0e4ce5'
    'x-ms-version': 'REDACTED'
    'x-ms-error-code': 'BlobAlreadyExists'
    'Date': 'Sat, 13 Jan 2024 23:51:38 GMT'
2024-01-14 00:51:39,087 - root - ERROR - Error occurred during blob upload: The specified blob already exists.
RequestId:e4002097-c01e-0043-797b-46548e000000
Time:2024-01-13T23:51:38.8450032Z
ErrorCode:BlobAlreadyExists
Content: <?xml version="1.0" encoding="utf-8"?><Error><Code>BlobAlreadyExists</Code><Message>The specified blob already exists.
RequestId:e4002097-c01e-0043-797b-46548e000000
Time:2024-01-13T23:51:38.8450032Z</Message></Error>
2024-01-14 00:54:03,315 - root - INFO - Uploading file: material-data.xlsx...
2024-01-14 00:54:03,316 - root - INFO - Connecting to Azure Blob Storage...
2024-01-14 00:54:03,317 - root - INFO - Creating blob client for container: namkincontainerfiles, blob: material-data.xlsx...
2024-01-14 00:54:03,317 - root - INFO - Uploading file './scripts/infrastructure/files_storage\..\..\..\data\material-data.xlsx' to Azure Blob Storage...
2024-01-14 00:54:03,331 - azure.core.pipeline.policies.http_logging_policy - INFO - Request URL: 'https://namkinstorage20240113.blob.core.windows.net/namkincontainerfiles/material-data.xlsx?timeout=REDACTED'
Request method: 'PUT'
Request headers:
    'Content-Length': '5411'
    'x-ms-blob-type': 'REDACTED'
    'If-None-Match': '*'
    'x-ms-version': 'REDACTED'
    'Content-Type': 'application/octet-stream'
    'Accept': 'application/xml'
    'User-Agent': 'azsdk-python-storage-blob/12.19.0 Python/3.8.4 (Windows-10-10.0.22621-SP0)'
    'x-ms-date': 'REDACTED'
    'x-ms-client-request-id': '0793e342-b26f-11ee-8eac-7413ea0e4ce5'
    'Authorization': 'REDACTED'
A body is sent with the request
2024-01-14 00:54:03,754 - azure.core.pipeline.policies.http_logging_policy - INFO - Response status: 409
Response headers:
    'Content-Length': '220'
    'Content-Type': 'application/xml'
    'Server': 'Windows-Azure-Blob/1.0 Microsoft-HTTPAPI/2.0'
    'x-ms-request-id': '870a67db-301e-000a-3a7b-461665000000'
    'x-ms-client-request-id': '0793e342-b26f-11ee-8eac-7413ea0e4ce5'
    'x-ms-version': 'REDACTED'
    'x-ms-error-code': 'BlobAlreadyExists'
    'Date': 'Sat, 13 Jan 2024 23:54:02 GMT'
2024-01-14 00:54:03,759 - root - ERROR - Error occurred during blob upload: The specified blob already exists.
RequestId:870a67db-301e-000a-3a7b-461665000000
Time:2024-01-13T23:54:03.5135542Z
ErrorCode:BlobAlreadyExists
Content: <?xml version="1.0" encoding="utf-8"?><Error><Code>BlobAlreadyExists</Code><Message>The specified blob already exists.
RequestId:870a67db-301e-000a-3a7b-461665000000
Time:2024-01-13T23:54:03.5135542Z</Message></Error>
2024-01-14 00:54:03,760 - root - INFO - Uploading file: part-reference.xlsx...
2024-01-14 00:54:03,760 - root - INFO - Connecting to Azure Blob Storage...
2024-01-14 00:54:03,761 - root - INFO - Creating blob client for container: namkincontainerfiles, blob: part-reference.xlsx...
2024-01-14 00:54:03,761 - root - INFO - Uploading file './scripts/infrastructure/files_storage\..\..\..\data\part-reference.xlsx' to Azure Blob Storage...
2024-01-14 00:54:03,765 - azure.core.pipeline.policies.http_logging_policy - INFO - Request URL: 'https://namkinstorage20240113.blob.core.windows.net/namkincontainerfiles/part-reference.xlsx?timeout=REDACTED'
Request method: 'PUT'
Request headers:
    'Content-Length': '8420'
    'x-ms-blob-type': 'REDACTED'
    'If-None-Match': '*'
    'x-ms-version': 'REDACTED'
    'Content-Type': 'application/octet-stream'
    'Accept': 'application/xml'
    'User-Agent': 'azsdk-python-storage-blob/12.19.0 Python/3.8.4 (Windows-10-10.0.22621-SP0)'
    'x-ms-date': 'REDACTED'
    'x-ms-client-request-id': '07d61464-b26f-11ee-b667-7413ea0e4ce5'
    'Authorization': 'REDACTED'
A body is sent with the request
2024-01-14 00:54:04,131 - azure.core.pipeline.policies.http_logging_policy - INFO - Response status: 409
Response headers:
    'Content-Length': '220'
    'Content-Type': 'application/xml'
    'Server': 'Windows-Azure-Blob/1.0 Microsoft-HTTPAPI/2.0'
    'x-ms-request-id': '244ab589-b01e-0049-557b-46f039000000'
    'x-ms-client-request-id': '07d61464-b26f-11ee-b667-7413ea0e4ce5'
    'x-ms-version': 'REDACTED'
    'x-ms-error-code': 'BlobAlreadyExists'
    'Date': 'Sat, 13 Jan 2024 23:54:03 GMT'
2024-01-14 00:54:04,134 - root - ERROR - Error occurred during blob upload: The specified blob already exists.
RequestId:244ab589-b01e-0049-557b-46f039000000
Time:2024-01-13T23:54:03.8986277Z
ErrorCode:BlobAlreadyExists
Content: <?xml version="1.0" encoding="utf-8"?><Error><Code>BlobAlreadyExists</Code><Message>The specified blob already exists.
RequestId:244ab589-b01e-0049-557b-46f039000000
Time:2024-01-13T23:54:03.8986277Z</Message></Error>
2024-01-14 00:54:04,136 - root - INFO - Uploading file: sales.xlsx...
2024-01-14 00:54:04,138 - root - INFO - Connecting to Azure Blob Storage...
2024-01-14 00:54:04,138 - root - INFO - Creating blob client for container: namkincontainerfiles, blob: sales.xlsx...
2024-01-14 00:54:04,139 - root - INFO - Uploading file './scripts/infrastructure/files_storage\..\..\..\data\sales.xlsx' to Azure Blob Storage...
2024-01-14 00:54:04,141 - azure.core.pipeline.policies.http_logging_policy - INFO - Request URL: 'https://namkinstorage20240113.blob.core.windows.net/namkincontainerfiles/sales.xlsx?timeout=REDACTED'
Request method: 'PUT'
Request headers:
    'Content-Length': '4761'
    'x-ms-blob-type': 'REDACTED'
    'If-None-Match': '*'
    'x-ms-version': 'REDACTED'
    'Content-Type': 'application/octet-stream'
    'Accept': 'application/xml'
    'User-Agent': 'azsdk-python-storage-blob/12.19.0 Python/3.8.4 (Windows-10-10.0.22621-SP0)'
    'x-ms-date': 'REDACTED'
    'x-ms-client-request-id': '080f948b-b26f-11ee-947b-7413ea0e4ce5'
    'Authorization': 'REDACTED'
A body is sent with the request
2024-01-14 00:54:04,459 - azure.core.pipeline.policies.http_logging_policy - INFO - Response status: 409
Response headers:
    'Content-Length': '220'
    'Content-Type': 'application/xml'
    'Server': 'Windows-Azure-Blob/1.0 Microsoft-HTTPAPI/2.0'
    'x-ms-request-id': '85a22d6a-101e-001d-4c7b-46bf6e000000'
    'x-ms-client-request-id': '080f948b-b26f-11ee-947b-7413ea0e4ce5'
    'x-ms-version': 'REDACTED'
    'x-ms-error-code': 'BlobAlreadyExists'
    'Date': 'Sat, 13 Jan 2024 23:54:03 GMT'
2024-01-14 00:54:04,463 - root - ERROR - Error occurred during blob upload: The specified blob already exists.
RequestId:85a22d6a-101e-001d-4c7b-46bf6e000000
Time:2024-01-13T23:54:04.2248051Z
ErrorCode:BlobAlreadyExists
Content: <?xml version="1.0" encoding="utf-8"?><Error><Code>BlobAlreadyExists</Code><Message>The specified blob already exists.
RequestId:85a22d6a-101e-001d-4c7b-46bf6e000000
Time:2024-01-13T23:54:04.2248051Z</Message></Error>
2024-01-14 01:31:18,148 - root - INFO - Uploading file: material-data.xlsx...
2024-01-14 01:31:18,149 - root - INFO - Connecting to Azure Blob Storage...
2024-01-14 01:31:18,149 - root - INFO - Creating blob client for container: namkincontainerfiles, blob: material-data.xlsx...
2024-01-14 01:31:18,149 - root - INFO - Uploading file './scripts/infrastructure/files_storage\..\..\..\data\material-data.xlsx' to Azure Blob Storage...
2024-01-14 01:31:18,167 - azure.core.pipeline.policies.http_logging_policy - INFO - Request URL: 'https://namkinstorage20240113.blob.core.windows.net/namkincontainerfiles/material-data.xlsx?timeout=REDACTED'
Request method: 'PUT'
Request headers:
    'Content-Length': '5411'
    'x-ms-blob-type': 'REDACTED'
    'If-None-Match': '*'
    'x-ms-version': 'REDACTED'
    'Content-Type': 'application/octet-stream'
    'Accept': 'application/xml'
    'User-Agent': 'azsdk-python-storage-blob/12.19.0 Python/3.8.4 (Windows-10-10.0.22621-SP0)'
    'x-ms-date': 'REDACTED'
    'x-ms-client-request-id': '3ba4d74c-b274-11ee-a818-7413ea0e4ce5'
    'Authorization': 'REDACTED'
A body is sent with the request
2024-01-14 01:31:18,501 - azure.core.pipeline.policies.http_logging_policy - INFO - Response status: 409
Response headers:
    'Content-Length': '220'
    'Content-Type': 'application/xml'
    'Server': 'Windows-Azure-Blob/1.0 Microsoft-HTTPAPI/2.0'
    'x-ms-request-id': 'f6a804f4-001e-004c-3d80-4622e2000000'
    'x-ms-client-request-id': '3ba4d74c-b274-11ee-a818-7413ea0e4ce5'
    'x-ms-version': 'REDACTED'
    'x-ms-error-code': 'BlobAlreadyExists'
    'Date': 'Sun, 14 Jan 2024 00:31:18 GMT'
2024-01-14 01:31:18,503 - root - ERROR - Error occurred during blob upload: The specified blob already exists.
RequestId:f6a804f4-001e-004c-3d80-4622e2000000
Time:2024-01-14T00:31:18.2683519Z
ErrorCode:BlobAlreadyExists
Content: <?xml version="1.0" encoding="utf-8"?><Error><Code>BlobAlreadyExists</Code><Message>The specified blob already exists.
RequestId:f6a804f4-001e-004c-3d80-4622e2000000
Time:2024-01-14T00:31:18.2683519Z</Message></Error>
2024-01-14 01:31:18,505 - root - INFO - Uploading file: part-reference.xlsx...
2024-01-14 01:31:18,505 - root - INFO - Connecting to Azure Blob Storage...
2024-01-14 01:31:18,505 - root - INFO - Creating blob client for container: namkincontainerfiles, blob: part-reference.xlsx...
2024-01-14 01:31:18,506 - root - INFO - Uploading file './scripts/infrastructure/files_storage\..\..\..\data\part-reference.xlsx' to Azure Blob Storage...
2024-01-14 01:31:18,508 - azure.core.pipeline.policies.http_logging_policy - INFO - Request URL: 'https://namkinstorage20240113.blob.core.windows.net/namkincontainerfiles/part-reference.xlsx?timeout=REDACTED'
Request method: 'PUT'
Request headers:
    'Content-Length': '8420'
    'x-ms-blob-type': 'REDACTED'
    'If-None-Match': '*'
    'x-ms-version': 'REDACTED'
    'Content-Type': 'application/octet-stream'
    'Accept': 'application/xml'
    'User-Agent': 'azsdk-python-storage-blob/12.19.0 Python/3.8.4 (Windows-10-10.0.22621-SP0)'
    'x-ms-date': 'REDACTED'
    'x-ms-client-request-id': '3bd8afe9-b274-11ee-a879-7413ea0e4ce5'
    'Authorization': 'REDACTED'
A body is sent with the request
2024-01-14 01:31:18,823 - azure.core.pipeline.policies.http_logging_policy - INFO - Response status: 409
Response headers:
    'Content-Length': '220'
    'Content-Type': 'application/xml'
    'Server': 'Windows-Azure-Blob/1.0 Microsoft-HTTPAPI/2.0'
    'x-ms-request-id': '1c5bb8e6-a01e-0027-1080-46a516000000'
    'x-ms-client-request-id': '3bd8afe9-b274-11ee-a879-7413ea0e4ce5'
    'x-ms-version': 'REDACTED'
    'x-ms-error-code': 'BlobAlreadyExists'
    'Date': 'Sun, 14 Jan 2024 00:31:17 GMT'
2024-01-14 01:31:18,825 - root - ERROR - Error occurred during blob upload: The specified blob already exists.
RequestId:1c5bb8e6-a01e-0027-1080-46a516000000
Time:2024-01-14T00:31:18.6021316Z
ErrorCode:BlobAlreadyExists
Content: <?xml version="1.0" encoding="utf-8"?><Error><Code>BlobAlreadyExists</Code><Message>The specified blob already exists.
RequestId:1c5bb8e6-a01e-0027-1080-46a516000000
Time:2024-01-14T00:31:18.6021316Z</Message></Error>
2024-01-14 01:31:18,826 - root - INFO - Uploading file: sales.xlsx...
2024-01-14 01:31:18,828 - root - INFO - Connecting to Azure Blob Storage...
2024-01-14 01:31:18,828 - root - INFO - Creating blob client for container: namkincontainerfiles, blob: sales.xlsx...
2024-01-14 01:31:18,829 - root - INFO - Uploading file './scripts/infrastructure/files_storage\..\..\..\data\sales.xlsx' to Azure Blob Storage...
2024-01-14 01:31:18,831 - azure.core.pipeline.policies.http_logging_policy - INFO - Request URL: 'https://namkinstorage20240113.blob.core.windows.net/namkincontainerfiles/sales.xlsx?timeout=REDACTED'
Request method: 'PUT'
Request headers:
    'Content-Length': '4761'
    'x-ms-blob-type': 'REDACTED'
    'If-None-Match': '*'
    'x-ms-version': 'REDACTED'
    'Content-Type': 'application/octet-stream'
    'Accept': 'application/xml'
    'User-Agent': 'azsdk-python-storage-blob/12.19.0 Python/3.8.4 (Windows-10-10.0.22621-SP0)'
    'x-ms-date': 'REDACTED'
    'x-ms-client-request-id': '3c0a2190-b274-11ee-b3be-7413ea0e4ce5'
    'Authorization': 'REDACTED'
A body is sent with the request
2024-01-14 01:31:19,108 - azure.core.pipeline.policies.http_logging_policy - INFO - Response status: 409
Response headers:
    'Content-Length': '220'
    'Content-Type': 'application/xml'
    'Server': 'Windows-Azure-Blob/1.0 Microsoft-HTTPAPI/2.0'
    'x-ms-request-id': '0cce5085-801e-00c4-5c80-46c7eb000000'
    'x-ms-client-request-id': '3c0a2190-b274-11ee-b3be-7413ea0e4ce5'
    'x-ms-version': 'REDACTED'
    'x-ms-error-code': 'BlobAlreadyExists'
    'Date': 'Sun, 14 Jan 2024 00:31:18 GMT'
2024-01-14 01:31:19,110 - root - ERROR - Error occurred during blob upload: The specified blob already exists.
RequestId:0cce5085-801e-00c4-5c80-46c7eb000000
Time:2024-01-14T00:31:18.8862401Z
ErrorCode:BlobAlreadyExists
Content: <?xml version="1.0" encoding="utf-8"?><Error><Code>BlobAlreadyExists</Code><Message>The specified blob already exists.
RequestId:0cce5085-801e-00c4-5c80-46c7eb000000
Time:2024-01-14T00:31:18.8862401Z</Message></Error>
2024-01-14 01:35:26,725 - root - INFO - Uploading file: material-data.xlsx...
2024-01-14 01:35:26,726 - root - INFO - Connecting to Azure Blob Storage...
2024-01-14 01:35:26,727 - root - INFO - Creating blob client for container: namkincontainerfiles, blob: material-data.xlsx...
2024-01-14 01:35:26,727 - root - INFO - Uploading file './scripts/infrastructure/files_storage\..\..\..\data\material-data.xlsx' to Azure Blob Storage...
2024-01-14 01:35:26,733 - azure.core.pipeline.policies.http_logging_policy - INFO - Request URL: 'https://namkinstorage20240113.blob.core.windows.net/namkincontainerfiles/material-data.xlsx?timeout=REDACTED'
Request method: 'PUT'
Request headers:
    'Content-Length': '5411'
    'x-ms-blob-type': 'REDACTED'
    'If-None-Match': '*'
    'x-ms-version': 'REDACTED'
    'Content-Type': 'application/octet-stream'
    'Accept': 'application/xml'
    'User-Agent': 'azsdk-python-storage-blob/12.19.0 Python/3.8.4 (Windows-10-10.0.22621-SP0)'
    'x-ms-date': 'REDACTED'
    'x-ms-client-request-id': 'cfccf113-b274-11ee-ba3d-7413ea0e4ce5'
    'Authorization': 'REDACTED'
A body is sent with the request
2024-01-14 01:35:27,034 - azure.core.pipeline.policies.http_logging_policy - INFO - Response status: 409
Response headers:
    'Content-Length': '220'
    'Content-Type': 'application/xml'
    'Server': 'Windows-Azure-Blob/1.0 Microsoft-HTTPAPI/2.0'
    'x-ms-request-id': '31aba377-301e-0035-5581-46dec6000000'
    'x-ms-client-request-id': 'cfccf113-b274-11ee-ba3d-7413ea0e4ce5'
    'x-ms-version': 'REDACTED'
    'x-ms-error-code': 'BlobAlreadyExists'
    'Date': 'Sun, 14 Jan 2024 00:35:26 GMT'
2024-01-14 01:35:27,036 - root - INFO - File './scripts/infrastructure/files_storage\..\..\..\data\material-data.xlsx' already exists in container 'namkincontainerfiles'. Skipping upload.
2024-01-14 01:35:27,037 - root - INFO - Uploading file: part-reference.xlsx...
2024-01-14 01:35:27,037 - root - INFO - Connecting to Azure Blob Storage...
2024-01-14 01:35:27,038 - root - INFO - Creating blob client for container: namkincontainerfiles, blob: part-reference.xlsx...
2024-01-14 01:35:27,039 - root - INFO - Uploading file './scripts/infrastructure/files_storage\..\..\..\data\part-reference.xlsx' to Azure Blob Storage...
2024-01-14 01:35:27,041 - azure.core.pipeline.policies.http_logging_policy - INFO - Request URL: 'https://namkinstorage20240113.blob.core.windows.net/namkincontainerfiles/part-reference.xlsx?timeout=REDACTED'
Request method: 'PUT'
Request headers:
    'Content-Length': '8420'
    'x-ms-blob-type': 'REDACTED'
    'If-None-Match': '*'
    'x-ms-version': 'REDACTED'
    'Content-Type': 'application/octet-stream'
    'Accept': 'application/xml'
    'User-Agent': 'azsdk-python-storage-blob/12.19.0 Python/3.8.4 (Windows-10-10.0.22621-SP0)'
    'x-ms-date': 'REDACTED'
    'x-ms-client-request-id': 'cffbd561-b274-11ee-aa6e-7413ea0e4ce5'
    'Authorization': 'REDACTED'
A body is sent with the request
2024-01-14 01:35:27,369 - azure.core.pipeline.policies.http_logging_policy - INFO - Response status: 409
Response headers:
    'Content-Length': '220'
    'Content-Type': 'application/xml'
    'Server': 'Windows-Azure-Blob/1.0 Microsoft-HTTPAPI/2.0'
    'x-ms-request-id': '6ae7ceaf-101e-006f-3481-46b821000000'
    'x-ms-client-request-id': 'cffbd561-b274-11ee-aa6e-7413ea0e4ce5'
    'x-ms-version': 'REDACTED'
    'x-ms-error-code': 'BlobAlreadyExists'
    'Date': 'Sun, 14 Jan 2024 00:35:26 GMT'
2024-01-14 01:35:27,371 - root - INFO - File './scripts/infrastructure/files_storage\..\..\..\data\part-reference.xlsx' already exists in container 'namkincontainerfiles'. Skipping upload.
2024-01-14 01:35:27,373 - root - INFO - Uploading file: sales.xlsx...
2024-01-14 01:35:27,373 - root - INFO - Connecting to Azure Blob Storage...
2024-01-14 01:35:27,374 - root - INFO - Creating blob client for container: namkincontainerfiles, blob: sales.xlsx...
2024-01-14 01:35:27,375 - root - INFO - Uploading file './scripts/infrastructure/files_storage\..\..\..\data\sales.xlsx' to Azure Blob Storage...
2024-01-14 01:35:27,376 - azure.core.pipeline.policies.http_logging_policy - INFO - Request URL: 'https://namkinstorage20240113.blob.core.windows.net/namkincontainerfiles/sales.xlsx?timeout=REDACTED'
Request method: 'PUT'
Request headers:
    'Content-Length': '4761'
    'x-ms-blob-type': 'REDACTED'
    'If-None-Match': '*'
    'x-ms-version': 'REDACTED'
    'Content-Type': 'application/octet-stream'
    'Accept': 'application/xml'
    'User-Agent': 'azsdk-python-storage-blob/12.19.0 Python/3.8.4 (Windows-10-10.0.22621-SP0)'
    'x-ms-date': 'REDACTED'
    'x-ms-client-request-id': 'd02f20ed-b274-11ee-80e0-7413ea0e4ce5'
    'Authorization': 'REDACTED'
A body is sent with the request
2024-01-14 01:35:27,677 - azure.core.pipeline.policies.http_logging_policy - INFO - Response status: 409
Response headers:
    'Content-Length': '220'
    'Content-Type': 'application/xml'
    'Server': 'Windows-Azure-Blob/1.0 Microsoft-HTTPAPI/2.0'
    'x-ms-request-id': '8171fb50-d01e-0012-6981-46c902000000'
    'x-ms-client-request-id': 'd02f20ed-b274-11ee-80e0-7413ea0e4ce5'
    'x-ms-version': 'REDACTED'
    'x-ms-error-code': 'BlobAlreadyExists'
    'Date': 'Sun, 14 Jan 2024 00:35:27 GMT'
2024-01-14 01:35:27,681 - root - INFO - File './scripts/infrastructure/files_storage\..\..\..\data\sales.xlsx' already exists in container 'namkincontainerfiles'. Skipping upload.
